{"/mnt/c/Users/Arun Joseph/Documents/blueberryhills/blueberry-hms/apps/api-core/src/app.controller.ts": {"path":"/mnt/c/Users/Arun Joseph/Documents/blueberryhills/blueberry-hms/apps/api-core/src/app.controller.ts","statementMap":{"0":{"start":{"line":1,"column":0},"end":{"line":1,"column":49}},"1":{"start":{"line":2,"column":0},"end":{"line":2,"column":43}},"2":{"start":{"line":5,"column":7},"end":{"line":23,"column":null}},"3":{"start":{"line":6,"column":31},"end":{"line":6,"column":43}},"4":{"start":{"line":10,"column":4},"end":{"line":10,"column":38}},"5":{"start":{"line":15,"column":4},"end":{"line":21,"column":6}},"6":{"start":{"line":5,"column":13},"end":{"line":5,"column":26}},"7":{"start":{"line":9,"column":2},"end":{"line":11,"column":null}},"8":{"start":{"line":14,"column":2},"end":{"line":22,"column":null}},"9":{"start":{"line":5,"column":13},"end":{"line":23,"column":null}}},"fnMap":{"0":{"name":"(anonymous_2)","decl":{"start":{"line":6,"column":2},"end":{"line":6,"column":31}},"loc":{"start":{"line":6,"column":53},"end":{"line":6,"column":57}}},"1":{"name":"(anonymous_3)","decl":{"start":{"line":9,"column":2},"end":{"line":9,"column":10}},"loc":{"start":{"line":9,"column":10},"end":{"line":11,"column":3}}},"2":{"name":"(anonymous_4)","decl":{"start":{"line":14,"column":2},"end":{"line":14,"column":13}},"loc":{"start":{"line":14,"column":13},"end":{"line":22,"column":3}}}},"branchMap":{"0":{"loc":{"start":{"line":6,"column":43},"end":{"line":6,"column":56}},"type":"cond-expr","locations":[{"start":{"line":6,"column":53},"end":{"line":6,"column":56}},{"start":{"line":6,"column":53},"end":{"line":6,"column":56}}]},"1":{"loc":{"start":{"line":6,"column":43},"end":{"line":6,"column":53}},"type":"binary-expr","locations":[{"start":{"line":6,"column":43},"end":{"line":6,"column":56}},{"start":{"line":6,"column":43},"end":{"line":6,"column":53}}]}},"s":{"0":1,"1":1,"2":1,"3":2,"4":1,"5":1,"6":1,"7":1,"8":1,"9":1},"f":{"0":2,"1":1,"2":1},"b":{"0":[1,0],"1":[1,1]}}
,"/mnt/c/Users/Arun Joseph/Documents/blueberryhills/blueberry-hms/apps/api-core/src/app.service.ts": {"path":"/mnt/c/Users/Arun Joseph/Documents/blueberryhills/blueberry-hms/apps/api-core/src/app.service.ts","statementMap":{"0":{"start":{"line":1,"column":0},"end":{"line":1,"column":44}},"1":{"start":{"line":4,"column":7},"end":{"line":8,"column":null}},"2":{"start":{"line":6,"column":4},"end":{"line":6,"column":79}},"3":{"start":{"line":4,"column":13},"end":{"line":4,"column":23}},"4":{"start":{"line":4,"column":13},"end":{"line":8,"column":null}}},"fnMap":{"0":{"name":"(anonymous_1)","decl":{"start":{"line":5,"column":2},"end":{"line":5,"column":10}},"loc":{"start":{"line":5,"column":10},"end":{"line":7,"column":3}}}},"branchMap":{},"s":{"0":2,"1":2,"2":2,"3":2,"4":2},"f":{"0":2},"b":{}}
,"/mnt/c/Users/Arun Joseph/Documents/blueberryhills/blueberry-hms/apps/api-core/src/common/decorators/current-user.decorator.ts": {"path":"/mnt/c/Users/Arun Joseph/Documents/blueberryhills/blueberry-hms/apps/api-core/src/common/decorators/current-user.decorator.ts","statementMap":{"0":{"start":{"line":1,"column":0},"end":{"line":1,"column":72}},"1":{"start":{"line":4,"column":13},"end":{"line":9,"column":2}},"2":{"start":{"line":6,"column":20},"end":{"line":6,"column":51}},"3":{"start":{"line":7,"column":4},"end":{"line":7,"column":24}}},"fnMap":{"0":{"name":"(anonymous_0)","decl":{"start":{"line":5,"column":2},"end":{"line":5,"column":3}},"loc":{"start":{"line":5,"column":49},"end":{"line":8,"column":3}}}},"branchMap":{},"s":{"0":0,"1":0,"2":0,"3":0},"f":{"0":0},"b":{}}
,"/mnt/c/Users/Arun Joseph/Documents/blueberryhills/blueberry-hms/apps/api-core/src/common/decorators/roles.decorator.ts": {"path":"/mnt/c/Users/Arun Joseph/Documents/blueberryhills/blueberry-hms/apps/api-core/src/common/decorators/roles.decorator.ts","statementMap":{"0":{"start":{"line":1,"column":0},"end":{"line":1,"column":45}},"1":{"start":{"line":4,"column":21},"end":{"line":4,"column":74}},"2":{"start":{"line":4,"column":47},"end":{"line":4,"column":74}},"3":{"start":{"line":4,"column":13},"end":{"line":4,"column":21}}},"fnMap":{"0":{"name":"(anonymous_0)","decl":{"start":{"line":4,"column":21},"end":{"line":4,"column":22}},"loc":{"start":{"line":4,"column":47},"end":{"line":4,"column":74}}}},"branchMap":{},"s":{"0":0,"1":0,"2":0,"3":0},"f":{"0":0},"b":{}}
,"/mnt/c/Users/Arun Joseph/Documents/blueberryhills/blueberry-hms/apps/api-core/src/common/entities/base.entity.ts": {"path":"/mnt/c/Users/Arun Joseph/Documents/blueberryhills/blueberry-hms/apps/api-core/src/common/entities/base.entity.ts","statementMap":{"0":{"start":{"line":1,"column":0},"end":{"line":1,"column":null}},"1":{"start":{"line":8,"column":0},"end":{"line":8,"column":22}},"2":{"start":{"line":10,"column":2},"end":{"line":10,"column":null}},"3":{"start":{"line":13,"column":2},"end":{"line":13,"column":null}},"4":{"start":{"line":16,"column":2},"end":{"line":16,"column":null}},"5":{"start":{"line":19,"column":2},"end":{"line":19,"column":null}}},"fnMap":{},"branchMap":{"0":{"loc":{"start":{"line":13,"column":13},"end":{"line":13,"column":18}},"type":"cond-expr","locations":[{"start":{"line":13,"column":17},"end":{"line":13,"column":18}},{"start":{"line":13,"column":17},"end":{"line":13,"column":18}}]},"1":{"loc":{"start":{"line":13,"column":13},"end":{"line":13,"column":17}},"type":"binary-expr","locations":[{"start":{"line":13,"column":13},"end":{"line":13,"column":18}},{"start":{"line":13,"column":13},"end":{"line":13,"column":17}}]},"2":{"loc":{"start":{"line":16,"column":13},"end":{"line":16,"column":18}},"type":"cond-expr","locations":[{"start":{"line":16,"column":17},"end":{"line":16,"column":18}},{"start":{"line":16,"column":17},"end":{"line":16,"column":18}}]},"3":{"loc":{"start":{"line":16,"column":13},"end":{"line":16,"column":17}},"type":"binary-expr","locations":[{"start":{"line":16,"column":13},"end":{"line":16,"column":18}},{"start":{"line":16,"column":13},"end":{"line":16,"column":17}}]}},"s":{"0":1,"1":1,"2":1,"3":1,"4":1,"5":1},"f":{},"b":{"0":[1,0],"1":[1,1],"2":[1,0],"3":[1,1]}}
,"/mnt/c/Users/Arun Joseph/Documents/blueberryhills/blueberry-hms/apps/api-core/src/common/enums/bed-type.enum.ts": {"path":"/mnt/c/Users/Arun Joseph/Documents/blueberryhills/blueberry-hms/apps/api-core/src/common/enums/bed-type.enum.ts","statementMap":{"0":{"start":{"line":5,"column":0},"end":{"line":5,"column":null}},"1":{"start":{"line":6,"column":2},"end":{"line":6,"column":null}},"2":{"start":{"line":7,"column":2},"end":{"line":7,"column":null}},"3":{"start":{"line":8,"column":2},"end":{"line":8,"column":null}},"4":{"start":{"line":9,"column":2},"end":{"line":9,"column":null}},"5":{"start":{"line":10,"column":2},"end":{"line":10,"column":null}},"6":{"start":{"line":11,"column":2},"end":{"line":11,"column":null}},"7":{"start":{"line":12,"column":2},"end":{"line":12,"column":null}}},"fnMap":{"0":{"name":"(anonymous_0)","decl":{"start":{"line":5,"column":0},"end":{"line":5,"column":12}},"loc":{"start":{"line":5,"column":19},"end":{"line":13,"column":1}}}},"branchMap":{"0":{"loc":{"start":{"line":5,"column":12},"end":{"line":5,"column":null}},"type":"binary-expr","locations":[{"start":{"line":5,"column":12},"end":{"line":5,"column":19}},{"start":{"line":5,"column":19},"end":{"line":5,"column":null}}]}},"s":{"0":1,"1":1,"2":1,"3":1,"4":1,"5":1,"6":1,"7":1},"f":{"0":1},"b":{"0":[1,1]}}
,"/mnt/c/Users/Arun Joseph/Documents/blueberryhills/blueberry-hms/apps/api-core/src/common/enums/booking-status.enum.ts": {"path":"/mnt/c/Users/Arun Joseph/Documents/blueberryhills/blueberry-hms/apps/api-core/src/common/enums/booking-status.enum.ts","statementMap":{"0":{"start":{"line":5,"column":0},"end":{"line":5,"column":null}},"1":{"start":{"line":6,"column":2},"end":{"line":6,"column":null}},"2":{"start":{"line":7,"column":2},"end":{"line":7,"column":null}},"3":{"start":{"line":8,"column":2},"end":{"line":8,"column":null}},"4":{"start":{"line":9,"column":2},"end":{"line":9,"column":null}},"5":{"start":{"line":10,"column":2},"end":{"line":10,"column":null}},"6":{"start":{"line":11,"column":2},"end":{"line":11,"column":null}},"7":{"start":{"line":12,"column":2},"end":{"line":12,"column":null}}},"fnMap":{"0":{"name":"(anonymous_0)","decl":{"start":{"line":5,"column":0},"end":{"line":5,"column":12}},"loc":{"start":{"line":5,"column":25},"end":{"line":13,"column":1}}}},"branchMap":{"0":{"loc":{"start":{"line":5,"column":12},"end":{"line":5,"column":null}},"type":"binary-expr","locations":[{"start":{"line":5,"column":12},"end":{"line":5,"column":25}},{"start":{"line":5,"column":25},"end":{"line":5,"column":null}}]}},"s":{"0":1,"1":1,"2":1,"3":1,"4":1,"5":1,"6":1,"7":1},"f":{"0":1},"b":{"0":[1,1]}}
,"/mnt/c/Users/Arun Joseph/Documents/blueberryhills/blueberry-hms/apps/api-core/src/common/enums/payment-method.enum.ts": {"path":"/mnt/c/Users/Arun Joseph/Documents/blueberryhills/blueberry-hms/apps/api-core/src/common/enums/payment-method.enum.ts","statementMap":{"0":{"start":{"line":4,"column":0},"end":{"line":4,"column":null}},"1":{"start":{"line":5,"column":2},"end":{"line":5,"column":null}},"2":{"start":{"line":6,"column":2},"end":{"line":6,"column":null}},"3":{"start":{"line":7,"column":2},"end":{"line":7,"column":null}},"4":{"start":{"line":8,"column":2},"end":{"line":8,"column":null}},"5":{"start":{"line":9,"column":2},"end":{"line":9,"column":null}},"6":{"start":{"line":10,"column":2},"end":{"line":10,"column":null}},"7":{"start":{"line":11,"column":2},"end":{"line":11,"column":null}}},"fnMap":{"0":{"name":"(anonymous_0)","decl":{"start":{"line":4,"column":0},"end":{"line":4,"column":12}},"loc":{"start":{"line":4,"column":25},"end":{"line":12,"column":1}}}},"branchMap":{"0":{"loc":{"start":{"line":4,"column":12},"end":{"line":4,"column":null}},"type":"binary-expr","locations":[{"start":{"line":4,"column":12},"end":{"line":4,"column":25}},{"start":{"line":4,"column":25},"end":{"line":4,"column":null}}]}},"s":{"0":1,"1":1,"2":1,"3":1,"4":1,"5":1,"6":1,"7":1},"f":{"0":1},"b":{"0":[1,1]}}
,"/mnt/c/Users/Arun Joseph/Documents/blueberryhills/blueberry-hms/apps/api-core/src/common/enums/payment-status.enum.ts": {"path":"/mnt/c/Users/Arun Joseph/Documents/blueberryhills/blueberry-hms/apps/api-core/src/common/enums/payment-status.enum.ts","statementMap":{"0":{"start":{"line":4,"column":0},"end":{"line":4,"column":null}},"1":{"start":{"line":5,"column":2},"end":{"line":5,"column":null}},"2":{"start":{"line":6,"column":2},"end":{"line":6,"column":null}},"3":{"start":{"line":7,"column":2},"end":{"line":7,"column":null}},"4":{"start":{"line":8,"column":2},"end":{"line":8,"column":null}},"5":{"start":{"line":9,"column":2},"end":{"line":9,"column":null}}},"fnMap":{"0":{"name":"(anonymous_0)","decl":{"start":{"line":4,"column":0},"end":{"line":4,"column":12}},"loc":{"start":{"line":4,"column":25},"end":{"line":10,"column":1}}}},"branchMap":{"0":{"loc":{"start":{"line":4,"column":12},"end":{"line":4,"column":null}},"type":"binary-expr","locations":[{"start":{"line":4,"column":12},"end":{"line":4,"column":25}},{"start":{"line":4,"column":25},"end":{"line":4,"column":null}}]}},"s":{"0":1,"1":1,"2":1,"3":1,"4":1,"5":1},"f":{"0":1},"b":{"0":[1,1]}}
,"/mnt/c/Users/Arun Joseph/Documents/blueberryhills/blueberry-hms/apps/api-core/src/common/enums/room-status.enum.ts": {"path":"/mnt/c/Users/Arun Joseph/Documents/blueberryhills/blueberry-hms/apps/api-core/src/common/enums/room-status.enum.ts","statementMap":{"0":{"start":{"line":5,"column":0},"end":{"line":5,"column":null}},"1":{"start":{"line":6,"column":2},"end":{"line":6,"column":null}},"2":{"start":{"line":7,"column":2},"end":{"line":7,"column":null}},"3":{"start":{"line":8,"column":2},"end":{"line":8,"column":null}},"4":{"start":{"line":9,"column":2},"end":{"line":9,"column":null}},"5":{"start":{"line":10,"column":2},"end":{"line":10,"column":null}},"6":{"start":{"line":11,"column":2},"end":{"line":11,"column":null}},"7":{"start":{"line":12,"column":2},"end":{"line":12,"column":null}}},"fnMap":{"0":{"name":"(anonymous_0)","decl":{"start":{"line":5,"column":0},"end":{"line":5,"column":12}},"loc":{"start":{"line":5,"column":22},"end":{"line":13,"column":1}}}},"branchMap":{"0":{"loc":{"start":{"line":5,"column":12},"end":{"line":5,"column":null}},"type":"binary-expr","locations":[{"start":{"line":5,"column":12},"end":{"line":5,"column":22}},{"start":{"line":5,"column":22},"end":{"line":5,"column":null}}]}},"s":{"0":1,"1":1,"2":1,"3":1,"4":1,"5":1,"6":1,"7":1},"f":{"0":1},"b":{"0":[1,1]}}
,"/mnt/c/Users/Arun Joseph/Documents/blueberryhills/blueberry-hms/apps/api-core/src/common/enums/user-role.enum.ts": {"path":"/mnt/c/Users/Arun Joseph/Documents/blueberryhills/blueberry-hms/apps/api-core/src/common/enums/user-role.enum.ts","statementMap":{"0":{"start":{"line":5,"column":0},"end":{"line":5,"column":null}},"1":{"start":{"line":6,"column":2},"end":{"line":6,"column":null}},"2":{"start":{"line":7,"column":2},"end":{"line":7,"column":null}},"3":{"start":{"line":8,"column":2},"end":{"line":8,"column":null}},"4":{"start":{"line":9,"column":2},"end":{"line":9,"column":null}},"5":{"start":{"line":10,"column":2},"end":{"line":10,"column":null}},"6":{"start":{"line":11,"column":2},"end":{"line":11,"column":null}},"7":{"start":{"line":12,"column":2},"end":{"line":12,"column":null}},"8":{"start":{"line":13,"column":2},"end":{"line":13,"column":null}},"9":{"start":{"line":20,"column":13},"end":{"line":29,"column":2}}},"fnMap":{"0":{"name":"(anonymous_0)","decl":{"start":{"line":5,"column":0},"end":{"line":5,"column":12}},"loc":{"start":{"line":5,"column":20},"end":{"line":14,"column":1}}}},"branchMap":{"0":{"loc":{"start":{"line":5,"column":12},"end":{"line":5,"column":null}},"type":"binary-expr","locations":[{"start":{"line":5,"column":12},"end":{"line":5,"column":20}},{"start":{"line":5,"column":20},"end":{"line":5,"column":null}}]}},"s":{"0":0,"1":0,"2":0,"3":0,"4":0,"5":0,"6":0,"7":0,"8":0,"9":0},"f":{"0":0},"b":{"0":[0,0]}}
,"/mnt/c/Users/Arun Joseph/Documents/blueberryhills/blueberry-hms/apps/api-core/src/common/enums/user-status.enum.ts": {"path":"/mnt/c/Users/Arun Joseph/Documents/blueberryhills/blueberry-hms/apps/api-core/src/common/enums/user-status.enum.ts","statementMap":{"0":{"start":{"line":4,"column":0},"end":{"line":4,"column":null}},"1":{"start":{"line":5,"column":2},"end":{"line":5,"column":null}},"2":{"start":{"line":6,"column":2},"end":{"line":6,"column":null}},"3":{"start":{"line":7,"column":2},"end":{"line":7,"column":null}},"4":{"start":{"line":8,"column":2},"end":{"line":8,"column":null}}},"fnMap":{"0":{"name":"(anonymous_0)","decl":{"start":{"line":4,"column":0},"end":{"line":4,"column":12}},"loc":{"start":{"line":4,"column":22},"end":{"line":9,"column":1}}}},"branchMap":{"0":{"loc":{"start":{"line":4,"column":12},"end":{"line":4,"column":null}},"type":"binary-expr","locations":[{"start":{"line":4,"column":12},"end":{"line":4,"column":22}},{"start":{"line":4,"column":22},"end":{"line":4,"column":null}}]}},"s":{"0":0,"1":0,"2":0,"3":0,"4":0},"f":{"0":0},"b":{"0":[0,0]}}
,"/mnt/c/Users/Arun Joseph/Documents/blueberryhills/blueberry-hms/apps/api-core/src/common/enums/view-type.enum.ts": {"path":"/mnt/c/Users/Arun Joseph/Documents/blueberryhills/blueberry-hms/apps/api-core/src/common/enums/view-type.enum.ts","statementMap":{"0":{"start":{"line":5,"column":0},"end":{"line":5,"column":null}},"1":{"start":{"line":6,"column":2},"end":{"line":6,"column":null}},"2":{"start":{"line":7,"column":2},"end":{"line":7,"column":null}},"3":{"start":{"line":8,"column":2},"end":{"line":8,"column":null}},"4":{"start":{"line":9,"column":2},"end":{"line":9,"column":null}},"5":{"start":{"line":10,"column":2},"end":{"line":10,"column":null}},"6":{"start":{"line":11,"column":2},"end":{"line":11,"column":null}},"7":{"start":{"line":12,"column":2},"end":{"line":12,"column":null}}},"fnMap":{"0":{"name":"(anonymous_0)","decl":{"start":{"line":5,"column":0},"end":{"line":5,"column":12}},"loc":{"start":{"line":5,"column":20},"end":{"line":13,"column":1}}}},"branchMap":{"0":{"loc":{"start":{"line":5,"column":12},"end":{"line":5,"column":null}},"type":"binary-expr","locations":[{"start":{"line":5,"column":12},"end":{"line":5,"column":20}},{"start":{"line":5,"column":20},"end":{"line":5,"column":null}}]}},"s":{"0":1,"1":1,"2":1,"3":1,"4":1,"5":1,"6":1,"7":1},"f":{"0":1},"b":{"0":[1,1]}}
,"/mnt/c/Users/Arun Joseph/Documents/blueberryhills/blueberry-hms/apps/api-core/src/common/filters/http-exception.filter.ts": {"path":"/mnt/c/Users/Arun Joseph/Documents/blueberryhills/blueberry-hms/apps/api-core/src/common/filters/http-exception.filter.ts","statementMap":{"0":{"start":{"line":1,"column":0},"end":{"line":1,"column":null}},"1":{"start":{"line":12,"column":32},"end":{"line":52,"column":null}},"2":{"start":{"line":13,"column":28},"end":{"line":13,"column":64}},"3":{"start":{"line":16,"column":16},"end":{"line":16,"column":35}},"4":{"start":{"line":17,"column":21},"end":{"line":17,"column":48}},"5":{"start":{"line":18,"column":20},"end":{"line":18,"column":45}},"6":{"start":{"line":20,"column":17},"end":{"line":20,"column":49}},"7":{"start":{"line":21,"column":18},"end":{"line":21,"column":41}},"8":{"start":{"line":22,"column":22},"end":{"line":22,"column":26}},"9":{"start":{"line":24,"column":4},"end":{"line":36,"column":5}},"10":{"start":{"line":25,"column":6},"end":{"line":25,"column":37}},"11":{"start":{"line":26,"column":32},"end":{"line":26,"column":55}},"12":{"start":{"line":28,"column":6},"end":{"line":33,"column":7}},"13":{"start":{"line":29,"column":8},"end":{"line":29,"column":64}},"14":{"start":{"line":30,"column":8},"end":{"line":30,"column":59}},"15":{"start":{"line":32,"column":8},"end":{"line":32,"column":46}},"16":{"start":{"line":34,"column":11},"end":{"line":36,"column":5}},"17":{"start":{"line":35,"column":6},"end":{"line":35,"column":34}},"18":{"start":{"line":38,"column":4},"end":{"line":41,"column":6}},"19":{"start":{"line":43,"column":4},"end":{"line":50,"column":7}},"20":{"start":{"line":12,"column":13},"end":{"line":12,"column":32}},"21":{"start":{"line":12,"column":13},"end":{"line":52,"column":null}}},"fnMap":{"0":{"name":"(anonymous_1)","decl":{"start":{"line":15,"column":2},"end":{"line":15,"column":7}},"loc":{"start":{"line":15,"column":47},"end":{"line":51,"column":3}}}},"branchMap":{"0":{"loc":{"start":{"line":24,"column":4},"end":{"line":36,"column":5}},"type":"if","locations":[{"start":{"line":24,"column":4},"end":{"line":36,"column":5}},{"start":{"line":34,"column":11},"end":{"line":36,"column":5}}]},"1":{"loc":{"start":{"line":28,"column":6},"end":{"line":33,"column":7}},"type":"if","locations":[{"start":{"line":28,"column":6},"end":{"line":33,"column":7}},{"start":{"line":31,"column":13},"end":{"line":33,"column":7}}]},"2":{"loc":{"start":{"line":29,"column":19},"end":{"line":29,"column":63}},"type":"binary-expr","locations":[{"start":{"line":29,"column":19},"end":{"line":29,"column":52}},{"start":{"line":29,"column":56},"end":{"line":29,"column":63}}]},"3":{"loc":{"start":{"line":30,"column":18},"end":{"line":30,"column":58}},"type":"binary-expr","locations":[{"start":{"line":30,"column":18},"end":{"line":30,"column":50}},{"start":{"line":30,"column":54},"end":{"line":30,"column":58}}]},"4":{"loc":{"start":{"line":34,"column":11},"end":{"line":36,"column":5}},"type":"if","locations":[{"start":{"line":34,"column":11},"end":{"line":36,"column":5}}]},"5":{"loc":{"start":{"line":40,"column":6},"end":{"line":40,"column":55}},"type":"cond-expr","locations":[{"start":{"line":40,"column":35},"end":{"line":40,"column":50}},{"start":{"line":40,"column":53},"end":{"line":40,"column":55}}]},"6":{"loc":{"start":{"line":49,"column":10},"end":{"line":49,"column":30}},"type":"binary-expr","locations":[{"start":{"line":49,"column":10},"end":{"line":49,"column":16}},{"start":{"line":49,"column":20},"end":{"line":49,"column":30}}]}},"s":{"0":0,"1":0,"2":0,"3":0,"4":0,"5":0,"6":0,"7":0,"8":0,"9":0,"10":0,"11":0,"12":0,"13":0,"14":0,"15":0,"16":0,"17":0,"18":0,"19":0,"20":0,"21":0},"f":{"0":0},"b":{"0":[0,0],"1":[0,0],"2":[0,0],"3":[0,0],"4":[0],"5":[0,0],"6":[0,0]}}
,"/mnt/c/Users/Arun Joseph/Documents/blueberryhills/blueberry-hms/apps/api-core/src/common/guards/jwt-auth.guard.ts": {"path":"/mnt/c/Users/Arun Joseph/Documents/blueberryhills/blueberry-hms/apps/api-core/src/common/guards/jwt-auth.guard.ts","statementMap":{"0":{"start":{"line":1,"column":0},"end":{"line":1,"column":85}},"1":{"start":{"line":2,"column":0},"end":{"line":2,"column":45}},"2":{"start":{"line":5,"column":7},"end":{"line":26,"column":null}},"3":{"start":{"line":7,"column":20},"end":{"line":7,"column":55}},"4":{"start":{"line":8,"column":23},"end":{"line":8,"column":52}},"5":{"start":{"line":10,"column":4},"end":{"line":10,"column":92}},"6":{"start":{"line":12,"column":4},"end":{"line":12,"column":38}},"7":{"start":{"line":16,"column":4},"end":{"line":21,"column":5}},"8":{"start":{"line":17,"column":6},"end":{"line":17,"column":57}},"9":{"start":{"line":18,"column":6},"end":{"line":18,"column":42}},"10":{"start":{"line":19,"column":6},"end":{"line":19,"column":42}},"11":{"start":{"line":20,"column":6},"end":{"line":20,"column":62}},"12":{"start":{"line":23,"column":4},"end":{"line":23,"column":65}},"13":{"start":{"line":24,"column":4},"end":{"line":24,"column":16}},"14":{"start":{"line":5,"column":13},"end":{"line":5,"column":25}},"15":{"start":{"line":5,"column":13},"end":{"line":26,"column":null}}},"fnMap":{"0":{"name":"(anonymous_1)","decl":{"start":{"line":6,"column":2},"end":{"line":6,"column":13}},"loc":{"start":{"line":6,"column":39},"end":{"line":13,"column":3}}},"1":{"name":"(anonymous_2)","decl":{"start":{"line":15,"column":2},"end":{"line":15,"column":15}},"loc":{"start":{"line":15,"column":31},"end":{"line":25,"column":3}}}},"branchMap":{"0":{"loc":{"start":{"line":10,"column":56},"end":{"line":10,"column":90}},"type":"cond-expr","locations":[{"start":{"line":10,"column":69},"end":{"line":10,"column":78}},{"start":{"line":10,"column":81},"end":{"line":10,"column":90}}]},"1":{"loc":{"start":{"line":16,"column":4},"end":{"line":21,"column":5}},"type":"if","locations":[{"start":{"line":16,"column":4},"end":{"line":21,"column":5}}]},"2":{"loc":{"start":{"line":16,"column":8},"end":{"line":16,"column":20}},"type":"binary-expr","locations":[{"start":{"line":16,"column":8},"end":{"line":16,"column":11}},{"start":{"line":16,"column":15},"end":{"line":16,"column":20}}]},"3":{"loc":{"start":{"line":20,"column":12},"end":{"line":20,"column":61}},"type":"binary-expr","locations":[{"start":{"line":20,"column":12},"end":{"line":20,"column":15}},{"start":{"line":20,"column":19},"end":{"line":20,"column":61}}]}},"s":{"0":0,"1":0,"2":0,"3":0,"4":0,"5":0,"6":0,"7":0,"8":0,"9":0,"10":0,"11":0,"12":0,"13":0,"14":0,"15":0},"f":{"0":0,"1":0},"b":{"0":[0,0],"1":[0],"2":[0,0],"3":[0,0]}}
,"/mnt/c/Users/Arun Joseph/Documents/blueberryhills/blueberry-hms/apps/api-core/src/common/guards/roles.guard.ts": {"path":"/mnt/c/Users/Arun Joseph/Documents/blueberryhills/blueberry-hms/apps/api-core/src/common/guards/roles.guard.ts","statementMap":{"0":{"start":{"line":1,"column":0},"end":{"line":1,"column":75}},"1":{"start":{"line":2,"column":0},"end":{"line":2,"column":41}},"2":{"start":{"line":3,"column":0},"end":{"line":3,"column":76}},"3":{"start":{"line":6,"column":7},"end":{"line":32,"column":null}},"4":{"start":{"line":7,"column":22},"end":{"line":7,"column":33}},"5":{"start":{"line":10,"column":26},"end":{"line":12,"column":null}},"6":{"start":{"line":15,"column":4},"end":{"line":17,"column":5}},"7":{"start":{"line":16,"column":6},"end":{"line":16,"column":18}},"8":{"start":{"line":19,"column":20},"end":{"line":19,"column":55}},"9":{"start":{"line":20,"column":17},"end":{"line":20,"column":29}},"10":{"start":{"line":22,"column":4},"end":{"line":24,"column":5}},"11":{"start":{"line":23,"column":6},"end":{"line":23,"column":19}},"12":{"start":{"line":27,"column":26},"end":{"line":27,"column":50}},"13":{"start":{"line":28,"column":4},"end":{"line":30,"column":6}},"14":{"start":{"line":29,"column":16},"end":{"line":29,"column":52}},"15":{"start":{"line":6,"column":13},"end":{"line":6,"column":23}},"16":{"start":{"line":6,"column":13},"end":{"line":32,"column":null}}},"fnMap":{"0":{"name":"(anonymous_2)","decl":{"start":{"line":7,"column":2},"end":{"line":7,"column":22}},"loc":{"start":{"line":7,"column":42},"end":{"line":7,"column":46}}},"1":{"name":"(anonymous_3)","decl":{"start":{"line":9,"column":2},"end":{"line":9,"column":13}},"loc":{"start":{"line":9,"column":39},"end":{"line":31,"column":3}}},"2":{"name":"(anonymous_4)","decl":{"start":{"line":29,"column":6},"end":{"line":29,"column":7}},"loc":{"start":{"line":29,"column":16},"end":{"line":29,"column":52}}}},"branchMap":{"0":{"loc":{"start":{"line":15,"column":4},"end":{"line":17,"column":5}},"type":"if","locations":[{"start":{"line":15,"column":4},"end":{"line":17,"column":5}}]},"1":{"loc":{"start":{"line":22,"column":4},"end":{"line":24,"column":5}},"type":"if","locations":[{"start":{"line":22,"column":4},"end":{"line":24,"column":5}}]},"2":{"loc":{"start":{"line":7,"column":33},"end":{"line":7,"column":45}},"type":"cond-expr","locations":[{"start":{"line":7,"column":42},"end":{"line":7,"column":45}},{"start":{"line":7,"column":42},"end":{"line":7,"column":45}}]},"3":{"loc":{"start":{"line":7,"column":33},"end":{"line":7,"column":42}},"type":"binary-expr","locations":[{"start":{"line":7,"column":33},"end":{"line":7,"column":45}},{"start":{"line":7,"column":33},"end":{"line":7,"column":42}}]}},"s":{"0":0,"1":0,"2":0,"3":0,"4":0,"5":0,"6":0,"7":0,"8":0,"9":0,"10":0,"11":0,"12":0,"13":0,"14":0,"15":0,"16":0},"f":{"0":0,"1":0,"2":0},"b":{"0":[0],"1":[0],"2":[0,0],"3":[0,0]}}
,"/mnt/c/Users/Arun Joseph/Documents/blueberryhills/blueberry-hms/apps/api-core/src/common/interceptors/audit-log.interceptor.ts": {"path":"/mnt/c/Users/Arun Joseph/Documents/blueberryhills/blueberry-hms/apps/api-core/src/common/interceptors/audit-log.interceptor.ts","statementMap":{"0":{"start":{"line":1,"column":0},"end":{"line":1,"column":null}},"1":{"start":{"line":8,"column":0},"end":{"line":8,"column":37}},"2":{"start":{"line":9,"column":0},"end":{"line":9,"column":51}},"3":{"start":{"line":10,"column":0},"end":{"line":10,"column":37}},"4":{"start":{"line":11,"column":0},"end":{"line":11,"column":73}},"5":{"start":{"line":14,"column":7},"end":{"line":70,"column":null}},"6":{"start":{"line":17,"column":12},"end":{"line":17,"column":32}},"7":{"start":{"line":21,"column":20},"end":{"line":21,"column":55}},"8":{"start":{"line":22,"column":19},"end":{"line":22,"column":33}},"9":{"start":{"line":24,"column":4},"end":{"line":26,"column":5}},"10":{"start":{"line":25,"column":6},"end":{"line":25,"column":27}},"11":{"start":{"line":28,"column":19},"end":{"line":28,"column":43}},"12":{"start":{"line":29,"column":22},"end":{"line":29,"column":32}},"13":{"start":{"line":30,"column":22},"end":{"line":30,"column":51}},"14":{"start":{"line":32,"column":4},"end":{"line":63,"column":6}},"15":{"start":{"line":34,"column":8},"end":{"line":61,"column":9}},"16":{"start":{"line":35,"column":28},"end":{"line":40,"column":12}},"17":{"start":{"line":42,"column":27},"end":{"line":56,"column":12}},"18":{"start":{"line":58,"column":10},"end":{"line":58,"column":55}},"19":{"start":{"line":60,"column":10},"end":{"line":60,"column":56}},"20":{"start":{"line":67,"column":18},"end":{"line":67,"column":48}},"21":{"start":{"line":68,"column":4},"end":{"line":68,"column":48}},"22":{"start":{"line":14,"column":13},"end":{"line":14,"column":32}},"23":{"start":{"line":14,"column":13},"end":{"line":70,"column":null}}},"fnMap":{"0":{"name":"(anonymous_4)","decl":{"start":{"line":15,"column":2},"end":{"line":15,"column":null}},"loc":{"start":{"line":17,"column":52},"end":{"line":18,"column":6}}},"1":{"name":"(anonymous_5)","decl":{"start":{"line":20,"column":2},"end":{"line":20,"column":11}},"loc":{"start":{"line":20,"column":56},"end":{"line":64,"column":3}}},"2":{"name":"(anonymous_6)","decl":{"start":{"line":33,"column":10},"end":{"line":33,"column":15}},"loc":{"start":{"line":33,"column":25},"end":{"line":62,"column":7}}},"3":{"name":"(anonymous_7)","decl":{"start":{"line":66,"column":10},"end":{"line":66,"column":27}},"loc":{"start":{"line":66,"column":39},"end":{"line":69,"column":3}}}},"branchMap":{"0":{"loc":{"start":{"line":24,"column":4},"end":{"line":26,"column":5}},"type":"if","locations":[{"start":{"line":24,"column":4},"end":{"line":26,"column":5}}]},"1":{"loc":{"start":{"line":28,"column":19},"end":{"line":28,"column":43}},"type":"binary-expr","locations":[{"start":{"line":28,"column":19},"end":{"line":28,"column":35}},{"start":{"line":28,"column":39},"end":{"line":28,"column":43}}]},"2":{"loc":{"start":{"line":46,"column":22},"end":{"line":46,"column":38}},"type":"binary-expr","locations":[{"start":{"line":46,"column":22},"end":{"line":46,"column":30}},{"start":{"line":46,"column":34},"end":{"line":46,"column":38}}]},"3":{"loc":{"start":{"line":49,"column":20},"end":{"line":49,"column":59}},"type":"cond-expr","locations":[{"start":{"line":49,"column":40},"end":{"line":49,"column":52}},{"start":{"line":49,"column":55},"end":{"line":49,"column":59}}]},"4":{"loc":{"start":{"line":68,"column":11},"end":{"line":68,"column":47}},"type":"binary-expr","locations":[{"start":{"line":68,"column":11},"end":{"line":68,"column":34}},{"start":{"line":68,"column":38},"end":{"line":68,"column":47}}]},"5":{"loc":{"start":{"line":17,"column":32},"end":{"line":17,"column":52}},"type":"cond-expr","locations":[{"start":{"line":17,"column":42},"end":{"line":17,"column":52}},{"start":{"line":17,"column":42},"end":{"line":17,"column":52}}]},"6":{"loc":{"start":{"line":17,"column":32},"end":{"line":17,"column":42}},"type":"binary-expr","locations":[{"start":{"line":17,"column":32},"end":{"line":17,"column":52}},{"start":{"line":17,"column":32},"end":{"line":17,"column":42}}]}},"s":{"0":0,"1":0,"2":0,"3":0,"4":0,"5":0,"6":0,"7":0,"8":0,"9":0,"10":0,"11":0,"12":0,"13":0,"14":0,"15":0,"16":0,"17":0,"18":0,"19":0,"20":0,"21":0,"22":0,"23":0},"f":{"0":0,"1":0,"2":0,"3":0},"b":{"0":[0],"1":[0,0],"2":[0,0],"3":[0,0],"4":[0,0],"5":[0,0],"6":[0,0]}}
,"/mnt/c/Users/Arun Joseph/Documents/blueberryhills/blueberry-hms/apps/api-core/src/config/database.config.ts": {"path":"/mnt/c/Users/Arun Joseph/Documents/blueberryhills/blueberry-hms/apps/api-core/src/config/database.config.ts","statementMap":{"0":{"start":{"line":4,"column":33},"end":{"line":23,"column":2}},"1":{"start":{"line":6,"column":28},"end":{"line":23,"column":2}},"2":{"start":{"line":4,"column":13},"end":{"line":4,"column":33}}},"fnMap":{"0":{"name":"(anonymous_0)","decl":{"start":{"line":4,"column":33},"end":{"line":4,"column":null}},"loc":{"start":{"line":6,"column":28},"end":{"line":23,"column":2}}}},"branchMap":{"0":{"loc":{"start":{"line":8,"column":8},"end":{"line":8,"column":51}},"type":"binary-expr","locations":[{"start":{"line":8,"column":8},"end":{"line":8,"column":36}},{"start":{"line":8,"column":40},"end":{"line":8,"column":51}}]},"1":{"loc":{"start":{"line":9,"column":8},"end":{"line":9,"column":52}},"type":"binary-expr","locations":[{"start":{"line":9,"column":8},"end":{"line":9,"column":44}},{"start":{"line":9,"column":48},"end":{"line":9,"column":52}}]}},"s":{"0":0,"1":0,"2":0},"f":{"0":0},"b":{"0":[0,0],"1":[0,0]}}
,"/mnt/c/Users/Arun Joseph/Documents/blueberryhills/blueberry-hms/apps/api-core/src/modules/amenity/amenity.controller.ts": {"path":"/mnt/c/Users/Arun Joseph/Documents/blueberryhills/blueberry-hms/apps/api-core/src/modules/amenity/amenity.controller.ts","statementMap":{"0":{"start":{"line":1,"column":0},"end":{"line":1,"column":null}},"1":{"start":{"line":12,"column":0},"end":{"line":12,"column":69}},"2":{"start":{"line":13,"column":0},"end":{"line":13,"column":51}},"3":{"start":{"line":14,"column":0},"end":{"line":14,"column":60}},"4":{"start":{"line":15,"column":0},"end":{"line":15,"column":60}},"5":{"start":{"line":19,"column":7},"end":{"line":59,"column":null}},"6":{"start":{"line":20,"column":31},"end":{"line":20,"column":47}},"7":{"start":{"line":26,"column":4},"end":{"line":26,"column":56}},"8":{"start":{"line":32,"column":4},"end":{"line":32,"column":41}},"9":{"start":{"line":38,"column":4},"end":{"line":38,"column":44}},"10":{"start":{"line":44,"column":4},"end":{"line":44,"column":43}},"11":{"start":{"line":50,"column":4},"end":{"line":50,"column":60}},"12":{"start":{"line":57,"column":4},"end":{"line":57,"column":42}},"13":{"start":{"line":19,"column":13},"end":{"line":19,"column":30}},"14":{"start":{"line":25,"column":2},"end":{"line":27,"column":null}},"15":{"start":{"line":31,"column":2},"end":{"line":33,"column":null}},"16":{"start":{"line":37,"column":2},"end":{"line":39,"column":null}},"17":{"start":{"line":43,"column":2},"end":{"line":45,"column":null}},"18":{"start":{"line":49,"column":2},"end":{"line":51,"column":null}},"19":{"start":{"line":56,"column":2},"end":{"line":58,"column":null}},"20":{"start":{"line":19,"column":13},"end":{"line":59,"column":null}}},"fnMap":{"0":{"name":"(anonymous_4)","decl":{"start":{"line":20,"column":2},"end":{"line":20,"column":31}},"loc":{"start":{"line":20,"column":61},"end":{"line":20,"column":65}}},"1":{"name":"(anonymous_5)","decl":{"start":{"line":25,"column":2},"end":{"line":25,"column":8}},"loc":{"start":{"line":25,"column":51},"end":{"line":27,"column":3}}},"2":{"name":"(anonymous_6)","decl":{"start":{"line":31,"column":2},"end":{"line":31,"column":9}},"loc":{"start":{"line":31,"column":9},"end":{"line":33,"column":3}}},"3":{"name":"(anonymous_7)","decl":{"start":{"line":37,"column":2},"end":{"line":37,"column":12}},"loc":{"start":{"line":37,"column":12},"end":{"line":39,"column":3}}},"4":{"name":"(anonymous_8)","decl":{"start":{"line":43,"column":2},"end":{"line":43,"column":9}},"loc":{"start":{"line":43,"column":33},"end":{"line":45,"column":3}}},"5":{"name":"(anonymous_9)","decl":{"start":{"line":49,"column":2},"end":{"line":49,"column":8}},"loc":{"start":{"line":49,"column":76},"end":{"line":51,"column":3}}},"6":{"name":"(anonymous_10)","decl":{"start":{"line":56,"column":2},"end":{"line":56,"column":8}},"loc":{"start":{"line":56,"column":32},"end":{"line":58,"column":3}}}},"branchMap":{"0":{"loc":{"start":{"line":25,"column":35},"end":{"line":25,"column":null}},"type":"cond-expr","locations":[{"start":{"line":25,"column":51},"end":{"line":25,"column":null}},{"start":{"line":25,"column":51},"end":{"line":25,"column":null}}]},"1":{"loc":{"start":{"line":25,"column":35},"end":{"line":25,"column":51}},"type":"binary-expr","locations":[{"start":{"line":25,"column":35},"end":{"line":25,"column":null}},{"start":{"line":25,"column":35},"end":{"line":25,"column":51}}]},"2":{"loc":{"start":{"line":49,"column":60},"end":{"line":49,"column":null}},"type":"cond-expr","locations":[{"start":{"line":49,"column":76},"end":{"line":49,"column":null}},{"start":{"line":49,"column":76},"end":{"line":49,"column":null}}]},"3":{"loc":{"start":{"line":49,"column":60},"end":{"line":49,"column":76}},"type":"binary-expr","locations":[{"start":{"line":49,"column":60},"end":{"line":49,"column":null}},{"start":{"line":49,"column":60},"end":{"line":49,"column":76}}]},"4":{"loc":{"start":{"line":20,"column":47},"end":{"line":20,"column":64}},"type":"cond-expr","locations":[{"start":{"line":20,"column":61},"end":{"line":20,"column":64}},{"start":{"line":20,"column":61},"end":{"line":20,"column":64}}]},"5":{"loc":{"start":{"line":20,"column":47},"end":{"line":20,"column":61}},"type":"binary-expr","locations":[{"start":{"line":20,"column":47},"end":{"line":20,"column":64}},{"start":{"line":20,"column":47},"end":{"line":20,"column":61}}]}},"s":{"0":0,"1":0,"2":0,"3":0,"4":0,"5":0,"6":0,"7":0,"8":0,"9":0,"10":0,"11":0,"12":0,"13":0,"14":0,"15":0,"16":0,"17":0,"18":0,"19":0,"20":0},"f":{"0":0,"1":0,"2":0,"3":0,"4":0,"5":0,"6":0},"b":{"0":[0,0],"1":[0,0],"2":[0,0],"3":[0,0],"4":[0,0],"5":[0,0]}}
,"/mnt/c/Users/Arun Joseph/Documents/blueberryhills/blueberry-hms/apps/api-core/src/modules/amenity/amenity.service.ts": {"path":"/mnt/c/Users/Arun Joseph/Documents/blueberryhills/blueberry-hms/apps/api-core/src/modules/amenity/amenity.service.ts","statementMap":{"0":{"start":{"line":1,"column":0},"end":{"line":1,"column":63}},"1":{"start":{"line":2,"column":0},"end":{"line":2,"column":51}},"2":{"start":{"line":3,"column":0},"end":{"line":3,"column":37}},"3":{"start":{"line":4,"column":0},"end":{"line":4,"column":52}},"4":{"start":{"line":9,"column":7},"end":{"line":51,"column":null}},"5":{"start":{"line":12,"column":12},"end":{"line":12,"column":31}},"6":{"start":{"line":16,"column":20},"end":{"line":16,"column":67}},"7":{"start":{"line":17,"column":4},"end":{"line":17,"column":54}},"8":{"start":{"line":21,"column":4},"end":{"line":23,"column":7}},"9":{"start":{"line":27,"column":4},"end":{"line":30,"column":7}},"10":{"start":{"line":34,"column":20},"end":{"line":34,"column":75}},"11":{"start":{"line":35,"column":4},"end":{"line":37,"column":5}},"12":{"start":{"line":36,"column":6},"end":{"line":36,"column":71}},"13":{"start":{"line":38,"column":4},"end":{"line":38,"column":19}},"14":{"start":{"line":42,"column":20},"end":{"line":42,"column":42}},"15":{"start":{"line":43,"column":4},"end":{"line":43,"column":45}},"16":{"start":{"line":44,"column":4},"end":{"line":44,"column":54}},"17":{"start":{"line":48,"column":20},"end":{"line":48,"column":42}},"18":{"start":{"line":49,"column":4},"end":{"line":49,"column":53}},"19":{"start":{"line":9,"column":13},"end":{"line":9,"column":27}},"20":{"start":{"line":9,"column":13},"end":{"line":51,"column":null}}},"fnMap":{"0":{"name":"(anonymous_4)","decl":{"start":{"line":10,"column":2},"end":{"line":10,"column":null}},"loc":{"start":{"line":12,"column":50},"end":{"line":13,"column":6}}},"1":{"name":"(anonymous_5)","decl":{"start":{"line":15,"column":2},"end":{"line":15,"column":7}},"loc":{"start":{"line":15,"column":49},"end":{"line":18,"column":3}}},"2":{"name":"(anonymous_6)","decl":{"start":{"line":20,"column":2},"end":{"line":20,"column":7}},"loc":{"start":{"line":20,"column":15},"end":{"line":24,"column":3}}},"3":{"name":"(anonymous_7)","decl":{"start":{"line":26,"column":2},"end":{"line":26,"column":7}},"loc":{"start":{"line":26,"column":18},"end":{"line":31,"column":3}}},"4":{"name":"(anonymous_8)","decl":{"start":{"line":33,"column":2},"end":{"line":33,"column":7}},"loc":{"start":{"line":33,"column":26},"end":{"line":39,"column":3}}},"5":{"name":"(anonymous_9)","decl":{"start":{"line":41,"column":2},"end":{"line":41,"column":7}},"loc":{"start":{"line":41,"column":61},"end":{"line":45,"column":3}}},"6":{"name":"(anonymous_10)","decl":{"start":{"line":47,"column":2},"end":{"line":47,"column":7}},"loc":{"start":{"line":47,"column":25},"end":{"line":50,"column":3}}}},"branchMap":{"0":{"loc":{"start":{"line":35,"column":4},"end":{"line":37,"column":5}},"type":"if","locations":[{"start":{"line":35,"column":4},"end":{"line":37,"column":5}}]},"1":{"loc":{"start":{"line":12,"column":31},"end":{"line":12,"column":50}},"type":"cond-expr","locations":[{"start":{"line":12,"column":41},"end":{"line":12,"column":50}},{"start":{"line":12,"column":41},"end":{"line":12,"column":50}}]},"2":{"loc":{"start":{"line":12,"column":31},"end":{"line":12,"column":41}},"type":"binary-expr","locations":[{"start":{"line":12,"column":31},"end":{"line":12,"column":50}},{"start":{"line":12,"column":31},"end":{"line":12,"column":41}}]}},"s":{"0":0,"1":0,"2":0,"3":0,"4":0,"5":0,"6":0,"7":0,"8":0,"9":0,"10":0,"11":0,"12":0,"13":0,"14":0,"15":0,"16":0,"17":0,"18":0,"19":0,"20":0},"f":{"0":0,"1":0,"2":0,"3":0,"4":0,"5":0,"6":0},"b":{"0":[0],"1":[0,0],"2":[0,0]}}
,"/mnt/c/Users/Arun Joseph/Documents/blueberryhills/blueberry-hms/apps/api-core/src/modules/amenity/dto/create-amenity.dto.ts": {"path":"/mnt/c/Users/Arun Joseph/Documents/blueberryhills/blueberry-hms/apps/api-core/src/modules/amenity/dto/create-amenity.dto.ts","statementMap":{"0":{"start":{"line":1,"column":0},"end":{"line":1,"column":87}},"1":{"start":{"line":2,"column":0},"end":{"line":2,"column":46}},"2":{"start":{"line":4,"column":0},"end":{"line":4,"column":13}},"3":{"start":{"line":8,"column":2},"end":{"line":8,"column":null}},"4":{"start":{"line":13,"column":2},"end":{"line":13,"column":null}},"5":{"start":{"line":19,"column":2},"end":{"line":19,"column":null}},"6":{"start":{"line":24,"column":2},"end":{"line":24,"column":null}},"7":{"start":{"line":29,"column":2},"end":{"line":29,"column":null}}},"fnMap":{},"branchMap":{},"s":{"0":0,"1":0,"2":0,"3":0,"4":0,"5":0,"6":0,"7":0},"f":{},"b":{}}
,"/mnt/c/Users/Arun Joseph/Documents/blueberryhills/blueberry-hms/apps/api-core/src/modules/amenity/dto/update-amenity.dto.ts": {"path":"/mnt/c/Users/Arun Joseph/Documents/blueberryhills/blueberry-hms/apps/api-core/src/modules/amenity/dto/update-amenity.dto.ts","statementMap":{"0":{"start":{"line":1,"column":0},"end":{"line":1,"column":46}},"1":{"start":{"line":2,"column":0},"end":{"line":2,"column":56}},"2":{"start":{"line":3,"column":0},"end":{"line":3,"column":56}},"3":{"start":{"line":4,"column":0},"end":{"line":4,"column":46}},"4":{"start":{"line":6,"column":0},"end":{"line":6,"column":13}},"5":{"start":{"line":10,"column":2},"end":{"line":10,"column":null}}},"fnMap":{},"branchMap":{},"s":{"0":0,"1":0,"2":0,"3":0,"4":0,"5":0},"f":{},"b":{}}
,"/mnt/c/Users/Arun Joseph/Documents/blueberryhills/blueberry-hms/apps/api-core/src/modules/amenity/entities/amenity.entity.ts": {"path":"/mnt/c/Users/Arun Joseph/Documents/blueberryhills/blueberry-hms/apps/api-core/src/modules/amenity/entities/amenity.entity.ts","statementMap":{"0":{"start":{"line":1,"column":0},"end":{"line":1,"column":41}},"1":{"start":{"line":2,"column":0},"end":{"line":2,"column":66}},"2":{"start":{"line":5,"column":7},"end":{"line":23,"column":null}},"3":{"start":{"line":5,"column":13},"end":{"line":5,"column":20}},"4":{"start":{"line":7,"column":2},"end":{"line":7,"column":null}},"5":{"start":{"line":10,"column":2},"end":{"line":10,"column":null}},"6":{"start":{"line":13,"column":2},"end":{"line":13,"column":null}},"7":{"start":{"line":16,"column":2},"end":{"line":16,"column":null}},"8":{"start":{"line":19,"column":2},"end":{"line":19,"column":null}},"9":{"start":{"line":22,"column":2},"end":{"line":22,"column":null}},"10":{"start":{"line":5,"column":13},"end":{"line":23,"column":null}}},"fnMap":{},"branchMap":{},"s":{"0":1,"1":1,"2":1,"3":1,"4":1,"5":1,"6":1,"7":1,"8":1,"9":1,"10":1},"f":{},"b":{}}
,"/mnt/c/Users/Arun Joseph/Documents/blueberryhills/blueberry-hms/apps/api-core/src/modules/audit/entities/audit-log.entity.ts": {"path":"/mnt/c/Users/Arun Joseph/Documents/blueberryhills/blueberry-hms/apps/api-core/src/modules/audit/entities/audit-log.entity.ts","statementMap":{"0":{"start":{"line":1,"column":0},"end":{"line":1,"column":48}},"1":{"start":{"line":2,"column":0},"end":{"line":2,"column":66}},"2":{"start":{"line":7,"column":7},"end":{"line":34,"column":null}},"3":{"start":{"line":7,"column":13},"end":{"line":7,"column":21}},"4":{"start":{"line":9,"column":2},"end":{"line":9,"column":null}},"5":{"start":{"line":12,"column":2},"end":{"line":12,"column":null}},"6":{"start":{"line":15,"column":2},"end":{"line":15,"column":null}},"7":{"start":{"line":18,"column":2},"end":{"line":18,"column":null}},"8":{"start":{"line":21,"column":2},"end":{"line":21,"column":null}},"9":{"start":{"line":24,"column":2},"end":{"line":24,"column":null}},"10":{"start":{"line":27,"column":2},"end":{"line":27,"column":null}},"11":{"start":{"line":30,"column":2},"end":{"line":30,"column":null}},"12":{"start":{"line":33,"column":2},"end":{"line":33,"column":null}},"13":{"start":{"line":7,"column":13},"end":{"line":34,"column":null}}},"fnMap":{},"branchMap":{},"s":{"0":0,"1":0,"2":0,"3":0,"4":0,"5":0,"6":0,"7":0,"8":0,"9":0,"10":0,"11":0,"12":0,"13":0},"f":{},"b":{}}
,"/mnt/c/Users/Arun Joseph/Documents/blueberryhills/blueberry-hms/apps/api-core/src/modules/auth/auth.controller.ts": {"path":"/mnt/c/Users/Arun Joseph/Documents/blueberryhills/blueberry-hms/apps/api-core/src/modules/auth/auth.controller.ts","statementMap":{"0":{"start":{"line":1,"column":0},"end":{"line":1,"column":null}},"1":{"start":{"line":9,"column":0},"end":{"line":9,"column":84}},"2":{"start":{"line":10,"column":0},"end":{"line":10,"column":45}},"3":{"start":{"line":11,"column":0},"end":{"line":11,"column":43}},"4":{"start":{"line":12,"column":0},"end":{"line":12,"column":49}},"5":{"start":{"line":13,"column":0},"end":{"line":13,"column":66}},"6":{"start":{"line":14,"column":0},"end":{"line":14,"column":77}},"7":{"start":{"line":15,"column":0},"end":{"line":15,"column":52}},"8":{"start":{"line":19,"column":7},"end":{"line":55,"column":null}},"9":{"start":{"line":20,"column":31},"end":{"line":20,"column":44}},"10":{"start":{"line":26,"column":4},"end":{"line":26,"column":50}},"11":{"start":{"line":33,"column":4},"end":{"line":33,"column":44}},"12":{"start":{"line":42,"column":4},"end":{"line":53,"column":6}},"13":{"start":{"line":19,"column":13},"end":{"line":19,"column":27}},"14":{"start":{"line":25,"column":8},"end":{"line":27,"column":null}},"15":{"start":{"line":32,"column":8},"end":{"line":34,"column":null}},"16":{"start":{"line":41,"column":2},"end":{"line":54,"column":null}},"17":{"start":{"line":19,"column":13},"end":{"line":55,"column":null}}},"fnMap":{"0":{"name":"(anonymous_4)","decl":{"start":{"line":20,"column":2},"end":{"line":20,"column":31}},"loc":{"start":{"line":20,"column":55},"end":{"line":20,"column":59}}},"1":{"name":"(anonymous_5)","decl":{"start":{"line":25,"column":2},"end":{"line":25,"column":7}},"loc":{"start":{"line":25,"column":49},"end":{"line":27,"column":3}}},"2":{"name":"(anonymous_6)","decl":{"start":{"line":32,"column":2},"end":{"line":32,"column":7}},"loc":{"start":{"line":32,"column":40},"end":{"line":34,"column":3}}},"3":{"name":"(anonymous_7)","decl":{"start":{"line":41,"column":2},"end":{"line":41,"column":12}},"loc":{"start":{"line":41,"column":38},"end":{"line":54,"column":3}}}},"branchMap":{"0":{"loc":{"start":{"line":25,"column":38},"end":{"line":25,"column":null}},"type":"cond-expr","locations":[{"start":{"line":25,"column":49},"end":{"line":25,"column":null}},{"start":{"line":25,"column":49},"end":{"line":25,"column":null}}]},"1":{"loc":{"start":{"line":25,"column":38},"end":{"line":25,"column":49}},"type":"binary-expr","locations":[{"start":{"line":25,"column":38},"end":{"line":25,"column":null}},{"start":{"line":25,"column":38},"end":{"line":25,"column":49}}]},"2":{"loc":{"start":{"line":32,"column":32},"end":{"line":32,"column":null}},"type":"cond-expr","locations":[{"start":{"line":32,"column":40},"end":{"line":32,"column":null}},{"start":{"line":32,"column":40},"end":{"line":32,"column":null}}]},"3":{"loc":{"start":{"line":32,"column":32},"end":{"line":32,"column":40}},"type":"binary-expr","locations":[{"start":{"line":32,"column":32},"end":{"line":32,"column":null}},{"start":{"line":32,"column":32},"end":{"line":32,"column":40}}]},"4":{"loc":{"start":{"line":41,"column":34},"end":{"line":41,"column":null}},"type":"cond-expr","locations":[{"start":{"line":41,"column":38},"end":{"line":41,"column":null}},{"start":{"line":41,"column":38},"end":{"line":41,"column":null}}]},"5":{"loc":{"start":{"line":41,"column":34},"end":{"line":41,"column":38}},"type":"binary-expr","locations":[{"start":{"line":41,"column":34},"end":{"line":41,"column":null}},{"start":{"line":41,"column":34},"end":{"line":41,"column":38}}]},"6":{"loc":{"start":{"line":20,"column":44},"end":{"line":20,"column":58}},"type":"cond-expr","locations":[{"start":{"line":20,"column":55},"end":{"line":20,"column":58}},{"start":{"line":20,"column":55},"end":{"line":20,"column":58}}]},"7":{"loc":{"start":{"line":20,"column":44},"end":{"line":20,"column":55}},"type":"binary-expr","locations":[{"start":{"line":20,"column":44},"end":{"line":20,"column":58}},{"start":{"line":20,"column":44},"end":{"line":20,"column":55}}]}},"s":{"0":0,"1":0,"2":0,"3":0,"4":0,"5":0,"6":0,"7":0,"8":0,"9":0,"10":0,"11":0,"12":0,"13":0,"14":0,"15":0,"16":0,"17":0},"f":{"0":0,"1":0,"2":0,"3":0},"b":{"0":[0,0],"1":[0,0],"2":[0,0],"3":[0,0],"4":[0,0],"5":[0,0],"6":[0,0],"7":[0,0]}}
,"/mnt/c/Users/Arun Joseph/Documents/blueberryhills/blueberry-hms/apps/api-core/src/modules/auth/auth.service.ts": {"path":"/mnt/c/Users/Arun Joseph/Documents/blueberryhills/blueberry-hms/apps/api-core/src/modules/auth/auth.service.ts","statementMap":{"0":{"start":{"line":1,"column":0},"end":{"line":1,"column":86}},"1":{"start":{"line":2,"column":0},"end":{"line":2,"column":41}},"2":{"start":{"line":3,"column":0},"end":{"line":3,"column":51}},"3":{"start":{"line":6,"column":0},"end":{"line":6,"column":33}},"4":{"start":{"line":9,"column":7},"end":{"line":92,"column":null}},"5":{"start":{"line":11,"column":12},"end":{"line":11,"column":25}},"6":{"start":{"line":12,"column":12},"end":{"line":12,"column":24}},"7":{"start":{"line":17,"column":25},"end":{"line":17,"column":78}},"8":{"start":{"line":18,"column":4},"end":{"line":20,"column":5}},"9":{"start":{"line":19,"column":6},"end":{"line":19,"column":62}},"10":{"start":{"line":23,"column":27},"end":{"line":23,"column":70}},"11":{"start":{"line":26,"column":17},"end":{"line":29,"column":13}},"12":{"start":{"line":32,"column":18},"end":{"line":32,"column":42}},"13":{"start":{"line":34,"column":4},"end":{"line":43,"column":6}},"14":{"start":{"line":48,"column":17},"end":{"line":48,"column":67}},"15":{"start":{"line":49,"column":4},"end":{"line":51,"column":5}},"16":{"start":{"line":50,"column":6},"end":{"line":50,"column":61}},"17":{"start":{"line":54,"column":28},"end":{"line":56,"column":null}},"18":{"start":{"line":59,"column":4},"end":{"line":61,"column":5}},"19":{"start":{"line":60,"column":6},"end":{"line":60,"column":61}},"20":{"start":{"line":64,"column":4},"end":{"line":66,"column":5}},"21":{"start":{"line":65,"column":6},"end":{"line":65,"column":63}},"22":{"start":{"line":69,"column":18},"end":{"line":69,"column":42}},"23":{"start":{"line":71,"column":4},"end":{"line":80,"column":6}},"24":{"start":{"line":84,"column":20},"end":{"line":88,"column":6}},"25":{"start":{"line":90,"column":4},"end":{"line":90,"column":41}},"26":{"start":{"line":9,"column":13},"end":{"line":9,"column":24}},"27":{"start":{"line":9,"column":13},"end":{"line":92,"column":null}}},"fnMap":{"0":{"name":"(anonymous_11)","decl":{"start":{"line":10,"column":2},"end":{"line":10,"column":null}},"loc":{"start":{"line":12,"column":34},"end":{"line":13,"column":6}}},"1":{"name":"(anonymous_12)","decl":{"start":{"line":15,"column":2},"end":{"line":15,"column":7}},"loc":{"start":{"line":15,"column":41},"end":{"line":44,"column":3}}},"2":{"name":"(anonymous_13)","decl":{"start":{"line":46,"column":2},"end":{"line":46,"column":7}},"loc":{"start":{"line":46,"column":32},"end":{"line":81,"column":3}}},"3":{"name":"(anonymous_14)","decl":{"start":{"line":83,"column":10},"end":{"line":83,"column":23}},"loc":{"start":{"line":83,"column":33},"end":{"line":91,"column":3}}}},"branchMap":{"0":{"loc":{"start":{"line":18,"column":4},"end":{"line":20,"column":5}},"type":"if","locations":[{"start":{"line":18,"column":4},"end":{"line":20,"column":5}}]},"1":{"loc":{"start":{"line":49,"column":4},"end":{"line":51,"column":5}},"type":"if","locations":[{"start":{"line":49,"column":4},"end":{"line":51,"column":5}}]},"2":{"loc":{"start":{"line":49,"column":8},"end":{"line":49,"column":31}},"type":"binary-expr","locations":[{"start":{"line":49,"column":8},"end":{"line":49,"column":13}},{"start":{"line":49,"column":17},"end":{"line":49,"column":31}}]},"3":{"loc":{"start":{"line":59,"column":4},"end":{"line":61,"column":5}},"type":"if","locations":[{"start":{"line":59,"column":4},"end":{"line":61,"column":5}}]},"4":{"loc":{"start":{"line":64,"column":4},"end":{"line":66,"column":5}},"type":"if","locations":[{"start":{"line":64,"column":4},"end":{"line":66,"column":5}}]},"5":{"loc":{"start":{"line":11,"column":25},"end":{"line":11,"column":null}},"type":"cond-expr","locations":[{"start":{"line":11,"column":36},"end":{"line":11,"column":null}},{"start":{"line":11,"column":36},"end":{"line":11,"column":null}}]},"6":{"loc":{"start":{"line":11,"column":25},"end":{"line":11,"column":36}},"type":"binary-expr","locations":[{"start":{"line":11,"column":25},"end":{"line":11,"column":null}},{"start":{"line":11,"column":25},"end":{"line":11,"column":36}}]},"7":{"loc":{"start":{"line":11,"column":36},"end":{"line":12,"column":null}},"type":"cond-expr","locations":[{"start":{"line":12,"column":34},"end":{"line":12,"column":null}},{"start":{"line":12,"column":34},"end":{"line":12,"column":null}}]},"8":{"loc":{"start":{"line":11,"column":36},"end":{"line":12,"column":34}},"type":"binary-expr","locations":[{"start":{"line":11,"column":36},"end":{"line":12,"column":null}},{"start":{"line":12,"column":24},"end":{"line":12,"column":34}}]}},"s":{"0":0,"1":0,"2":0,"3":0,"4":0,"5":0,"6":0,"7":0,"8":0,"9":0,"10":0,"11":0,"12":0,"13":0,"14":0,"15":0,"16":0,"17":0,"18":0,"19":0,"20":0,"21":0,"22":0,"23":0,"24":0,"25":0,"26":0,"27":0},"f":{"0":0,"1":0,"2":0,"3":0},"b":{"0":[0],"1":[0],"2":[0,0],"3":[0],"4":[0],"5":[0,0],"6":[0,0],"7":[0,0],"8":[0,0]}}
,"/mnt/c/Users/Arun Joseph/Documents/blueberryhills/blueberry-hms/apps/api-core/src/modules/auth/dto/login.dto.ts": {"path":"/mnt/c/Users/Arun Joseph/Documents/blueberryhills/blueberry-hms/apps/api-core/src/modules/auth/dto/login.dto.ts","statementMap":{"0":{"start":{"line":1,"column":0},"end":{"line":1,"column":63}},"1":{"start":{"line":2,"column":0},"end":{"line":2,"column":46}},"2":{"start":{"line":4,"column":0},"end":{"line":4,"column":13}},"3":{"start":{"line":7,"column":2},"end":{"line":7,"column":null}},"4":{"start":{"line":12,"column":2},"end":{"line":12,"column":null}}},"fnMap":{},"branchMap":{},"s":{"0":0,"1":0,"2":0,"3":0,"4":0},"f":{},"b":{}}
,"/mnt/c/Users/Arun Joseph/Documents/blueberryhills/blueberry-hms/apps/api-core/src/modules/auth/dto/register.dto.ts": {"path":"/mnt/c/Users/Arun Joseph/Documents/blueberryhills/blueberry-hms/apps/api-core/src/modules/auth/dto/register.dto.ts","statementMap":{"0":{"start":{"line":1,"column":0},"end":{"line":1,"column":91}},"1":{"start":{"line":2,"column":0},"end":{"line":2,"column":46}},"2":{"start":{"line":3,"column":0},"end":{"line":3,"column":64}},"3":{"start":{"line":5,"column":0},"end":{"line":5,"column":13}},"4":{"start":{"line":8,"column":2},"end":{"line":8,"column":null}},"5":{"start":{"line":16,"column":2},"end":{"line":16,"column":null}},"6":{"start":{"line":22,"column":2},"end":{"line":22,"column":null}},"7":{"start":{"line":28,"column":2},"end":{"line":28,"column":null}},"8":{"start":{"line":32,"column":2},"end":{"line":32,"column":null}}},"fnMap":{},"branchMap":{"0":{"loc":{"start":{"line":32,"column":8},"end":{"line":32,"column":17}},"type":"cond-expr","locations":[{"start":{"line":32,"column":16},"end":{"line":32,"column":17}},{"start":{"line":32,"column":16},"end":{"line":32,"column":17}}]},"1":{"loc":{"start":{"line":32,"column":8},"end":{"line":32,"column":16}},"type":"binary-expr","locations":[{"start":{"line":32,"column":8},"end":{"line":32,"column":17}},{"start":{"line":32,"column":8},"end":{"line":32,"column":16}}]}},"s":{"0":0,"1":0,"2":0,"3":0,"4":0,"5":0,"6":0,"7":0,"8":0},"f":{},"b":{"0":[0,0],"1":[0,0]}}
,"/mnt/c/Users/Arun Joseph/Documents/blueberryhills/blueberry-hms/apps/api-core/src/modules/auth/strategies/jwt.strategy.ts": {"path":"/mnt/c/Users/Arun Joseph/Documents/blueberryhills/blueberry-hms/apps/api-core/src/modules/auth/strategies/jwt.strategy.ts","statementMap":{"0":{"start":{"line":1,"column":0},"end":{"line":1,"column":67}},"1":{"start":{"line":2,"column":0},"end":{"line":2,"column":52}},"2":{"start":{"line":3,"column":0},"end":{"line":3,"column":52}},"3":{"start":{"line":4,"column":0},"end":{"line":4,"column":47}},"4":{"start":{"line":5,"column":0},"end":{"line":5,"column":54}},"5":{"start":{"line":14,"column":7},"end":{"line":58,"column":null}},"6":{"start":{"line":19,"column":19},"end":{"line":19,"column":58}},"7":{"start":{"line":21,"column":4},"end":{"line":21,"column":47}},"8":{"start":{"line":22,"column":4},"end":{"line":22,"column":48}},"9":{"start":{"line":24,"column":4},"end":{"line":26,"column":5}},"10":{"start":{"line":25,"column":6},"end":{"line":25,"column":76}},"11":{"start":{"line":28,"column":4},"end":{"line":32,"column":7}},"12":{"start":{"line":16,"column":12},"end":{"line":16,"column":27}},"13":{"start":{"line":17,"column":12},"end":{"line":17,"column":25}},"14":{"start":{"line":36,"column":4},"end":{"line":36,"column":110}},"15":{"start":{"line":38,"column":4},"end":{"line":56,"column":5}},"16":{"start":{"line":39,"column":19},"end":{"line":39,"column":62}},"17":{"start":{"line":41,"column":6},"end":{"line":44,"column":7}},"18":{"start":{"line":42,"column":8},"end":{"line":42,"column":54}},"19":{"start":{"line":43,"column":8},"end":{"line":43,"column":58}},"20":{"start":{"line":46,"column":6},"end":{"line":49,"column":7}},"21":{"start":{"line":47,"column":8},"end":{"line":47,"column":67}},"22":{"start":{"line":48,"column":8},"end":{"line":48,"column":70}},"23":{"start":{"line":51,"column":6},"end":{"line":51,"column":51}},"24":{"start":{"line":52,"column":6},"end":{"line":52,"column":18}},"25":{"start":{"line":54,"column":6},"end":{"line":54,"column":56}},"26":{"start":{"line":55,"column":6},"end":{"line":55,"column":18}},"27":{"start":{"line":14,"column":13},"end":{"line":14,"column":24}},"28":{"start":{"line":14,"column":13},"end":{"line":58,"column":null}}},"fnMap":{"0":{"name":"(anonymous_2)","decl":{"start":{"line":15,"column":2},"end":{"line":15,"column":null}},"loc":{"start":{"line":17,"column":36},"end":{"line":33,"column":3}}},"1":{"name":"(anonymous_3)","decl":{"start":{"line":35,"column":2},"end":{"line":35,"column":7}},"loc":{"start":{"line":35,"column":36},"end":{"line":57,"column":3}}}},"branchMap":{"0":{"loc":{"start":{"line":24,"column":4},"end":{"line":26,"column":5}},"type":"if","locations":[{"start":{"line":24,"column":4},"end":{"line":26,"column":5}}]},"1":{"loc":{"start":{"line":41,"column":6},"end":{"line":44,"column":7}},"type":"if","locations":[{"start":{"line":41,"column":6},"end":{"line":44,"column":7}}]},"2":{"loc":{"start":{"line":46,"column":6},"end":{"line":49,"column":7}},"type":"if","locations":[{"start":{"line":46,"column":6},"end":{"line":49,"column":7}}]},"3":{"loc":{"start":{"line":16,"column":27},"end":{"line":16,"column":null}},"type":"cond-expr","locations":[{"start":{"line":16,"column":40},"end":{"line":16,"column":null}},{"start":{"line":16,"column":40},"end":{"line":16,"column":null}}]},"4":{"loc":{"start":{"line":16,"column":27},"end":{"line":16,"column":40}},"type":"binary-expr","locations":[{"start":{"line":16,"column":27},"end":{"line":16,"column":null}},{"start":{"line":16,"column":27},"end":{"line":16,"column":40}}]},"5":{"loc":{"start":{"line":16,"column":40},"end":{"line":17,"column":null}},"type":"cond-expr","locations":[{"start":{"line":17,"column":36},"end":{"line":17,"column":null}},{"start":{"line":17,"column":36},"end":{"line":17,"column":null}}]},"6":{"loc":{"start":{"line":16,"column":40},"end":{"line":17,"column":36}},"type":"binary-expr","locations":[{"start":{"line":16,"column":40},"end":{"line":17,"column":null}},{"start":{"line":17,"column":25},"end":{"line":17,"column":36}}]}},"s":{"0":0,"1":0,"2":0,"3":0,"4":0,"5":0,"6":0,"7":0,"8":0,"9":0,"10":0,"11":0,"12":0,"13":0,"14":0,"15":0,"16":0,"17":0,"18":0,"19":0,"20":0,"21":0,"22":0,"23":0,"24":0,"25":0,"26":0,"27":0,"28":0},"f":{"0":0,"1":0},"b":{"0":[0],"1":[0],"2":[0],"3":[0,0],"4":[0,0],"5":[0,0],"6":[0,0]}}
,"/mnt/c/Users/Arun Joseph/Documents/blueberryhills/blueberry-hms/apps/api-core/src/modules/booking/booking.controller.ts": {"path":"/mnt/c/Users/Arun Joseph/Documents/blueberryhills/blueberry-hms/apps/api-core/src/modules/booking/booking.controller.ts","statementMap":{"0":{"start":{"line":1,"column":0},"end":{"line":1,"column":null}},"1":{"start":{"line":13,"column":0},"end":{"line":13,"column":79}},"2":{"start":{"line":14,"column":0},"end":{"line":14,"column":51}},"3":{"start":{"line":15,"column":0},"end":{"line":15,"column":60}},"4":{"start":{"line":16,"column":0},"end":{"line":16,"column":60}},"5":{"start":{"line":17,"column":0},"end":{"line":17,"column":68}},"6":{"start":{"line":18,"column":0},"end":{"line":18,"column":71}},"7":{"start":{"line":22,"column":7},"end":{"line":99,"column":null}},"8":{"start":{"line":23,"column":31},"end":{"line":23,"column":47}},"9":{"start":{"line":29,"column":4},"end":{"line":29,"column":56}},"10":{"start":{"line":36,"column":4},"end":{"line":36,"column":54}},"11":{"start":{"line":43,"column":4},"end":{"line":45,"column":5}},"12":{"start":{"line":44,"column":6},"end":{"line":44,"column":54}},"13":{"start":{"line":46,"column":4},"end":{"line":46,"column":41}},"14":{"start":{"line":52,"column":4},"end":{"line":52,"column":66}},"15":{"start":{"line":58,"column":4},"end":{"line":58,"column":43}},"16":{"start":{"line":64,"column":4},"end":{"line":64,"column":60}},"17":{"start":{"line":70,"column":4},"end":{"line":70,"column":54}},"18":{"start":{"line":76,"column":4},"end":{"line":76,"column":43}},"19":{"start":{"line":82,"column":4},"end":{"line":82,"column":44}},"20":{"start":{"line":88,"column":4},"end":{"line":88,"column":50}},"21":{"start":{"line":97,"column":4},"end":{"line":97,"column":62}},"22":{"start":{"line":22,"column":13},"end":{"line":22,"column":30}},"23":{"start":{"line":28,"column":2},"end":{"line":30,"column":null}},"24":{"start":{"line":35,"column":2},"end":{"line":37,"column":null}},"25":{"start":{"line":42,"column":2},"end":{"line":47,"column":null}},"26":{"start":{"line":51,"column":2},"end":{"line":53,"column":null}},"27":{"start":{"line":57,"column":2},"end":{"line":59,"column":null}},"28":{"start":{"line":63,"column":2},"end":{"line":65,"column":null}},"29":{"start":{"line":69,"column":2},"end":{"line":71,"column":null}},"30":{"start":{"line":75,"column":2},"end":{"line":77,"column":null}},"31":{"start":{"line":81,"column":2},"end":{"line":83,"column":null}},"32":{"start":{"line":87,"column":2},"end":{"line":89,"column":null}},"33":{"start":{"line":94,"column":2},"end":{"line":98,"column":null}},"34":{"start":{"line":22,"column":13},"end":{"line":99,"column":null}}},"fnMap":{"0":{"name":"(anonymous_4)","decl":{"start":{"line":23,"column":2},"end":{"line":23,"column":31}},"loc":{"start":{"line":23,"column":61},"end":{"line":23,"column":65}}},"1":{"name":"(anonymous_5)","decl":{"start":{"line":28,"column":2},"end":{"line":28,"column":8}},"loc":{"start":{"line":28,"column":51},"end":{"line":30,"column":3}}},"2":{"name":"(anonymous_6)","decl":{"start":{"line":35,"column":2},"end":{"line":35,"column":19}},"loc":{"start":{"line":35,"column":53},"end":{"line":37,"column":3}}},"3":{"name":"(anonymous_7)","decl":{"start":{"line":42,"column":2},"end":{"line":42,"column":9}},"loc":{"start":{"line":42,"column":49},"end":{"line":47,"column":3}}},"4":{"name":"(anonymous_8)","decl":{"start":{"line":51,"column":2},"end":{"line":51,"column":14}},"loc":{"start":{"line":51,"column":60},"end":{"line":53,"column":3}}},"5":{"name":"(anonymous_9)","decl":{"start":{"line":57,"column":2},"end":{"line":57,"column":9}},"loc":{"start":{"line":57,"column":33},"end":{"line":59,"column":3}}},"6":{"name":"(anonymous_10)","decl":{"start":{"line":63,"column":2},"end":{"line":63,"column":8}},"loc":{"start":{"line":63,"column":76},"end":{"line":65,"column":3}}},"7":{"name":"(anonymous_11)","decl":{"start":{"line":69,"column":2},"end":{"line":69,"column":12}},"loc":{"start":{"line":69,"column":69},"end":{"line":71,"column":3}}},"8":{"name":"(anonymous_12)","decl":{"start":{"line":75,"column":2},"end":{"line":75,"column":9}},"loc":{"start":{"line":75,"column":33},"end":{"line":77,"column":3}}},"9":{"name":"(anonymous_13)","decl":{"start":{"line":81,"column":2},"end":{"line":81,"column":10}},"loc":{"start":{"line":81,"column":34},"end":{"line":83,"column":3}}},"10":{"name":"(anonymous_14)","decl":{"start":{"line":87,"column":2},"end":{"line":87,"column":8}},"loc":{"start":{"line":87,"column":65},"end":{"line":89,"column":3}}},"11":{"name":"(anonymous_15)","decl":{"start":{"line":94,"column":2},"end":{"line":94,"column":8}},"loc":{"start":{"line":94,"column":32},"end":{"line":98,"column":3}}}},"branchMap":{"0":{"loc":{"start":{"line":43,"column":4},"end":{"line":45,"column":5}},"type":"if","locations":[{"start":{"line":43,"column":4},"end":{"line":45,"column":5}}]},"1":{"loc":{"start":{"line":28,"column":35},"end":{"line":28,"column":null}},"type":"cond-expr","locations":[{"start":{"line":28,"column":51},"end":{"line":28,"column":null}},{"start":{"line":28,"column":51},"end":{"line":28,"column":null}}]},"2":{"loc":{"start":{"line":28,"column":35},"end":{"line":28,"column":51}},"type":"binary-expr","locations":[{"start":{"line":28,"column":35},"end":{"line":28,"column":null}},{"start":{"line":28,"column":35},"end":{"line":28,"column":51}}]},"3":{"loc":{"start":{"line":35,"column":33},"end":{"line":35,"column":null}},"type":"cond-expr","locations":[{"start":{"line":35,"column":53},"end":{"line":35,"column":null}},{"start":{"line":35,"column":53},"end":{"line":35,"column":null}}]},"4":{"loc":{"start":{"line":35,"column":33},"end":{"line":35,"column":53}},"type":"binary-expr","locations":[{"start":{"line":35,"column":33},"end":{"line":35,"column":null}},{"start":{"line":35,"column":33},"end":{"line":35,"column":53}}]},"5":{"loc":{"start":{"line":42,"column":36},"end":{"line":42,"column":null}},"type":"cond-expr","locations":[{"start":{"line":42,"column":49},"end":{"line":42,"column":null}},{"start":{"line":42,"column":49},"end":{"line":42,"column":null}}]},"6":{"loc":{"start":{"line":42,"column":36},"end":{"line":42,"column":49}},"type":"binary-expr","locations":[{"start":{"line":42,"column":36},"end":{"line":42,"column":null}},{"start":{"line":42,"column":36},"end":{"line":42,"column":49}}]},"7":{"loc":{"start":{"line":63,"column":60},"end":{"line":63,"column":null}},"type":"cond-expr","locations":[{"start":{"line":63,"column":76},"end":{"line":63,"column":null}},{"start":{"line":63,"column":76},"end":{"line":63,"column":null}}]},"8":{"loc":{"start":{"line":63,"column":60},"end":{"line":63,"column":76}},"type":"binary-expr","locations":[{"start":{"line":63,"column":60},"end":{"line":63,"column":null}},{"start":{"line":63,"column":60},"end":{"line":63,"column":76}}]},"9":{"loc":{"start":{"line":23,"column":47},"end":{"line":23,"column":64}},"type":"cond-expr","locations":[{"start":{"line":23,"column":61},"end":{"line":23,"column":64}},{"start":{"line":23,"column":61},"end":{"line":23,"column":64}}]},"10":{"loc":{"start":{"line":23,"column":47},"end":{"line":23,"column":61}},"type":"binary-expr","locations":[{"start":{"line":23,"column":47},"end":{"line":23,"column":64}},{"start":{"line":23,"column":47},"end":{"line":23,"column":61}}]}},"s":{"0":0,"1":0,"2":0,"3":0,"4":0,"5":0,"6":0,"7":0,"8":0,"9":0,"10":0,"11":0,"12":0,"13":0,"14":0,"15":0,"16":0,"17":0,"18":0,"19":0,"20":0,"21":0,"22":0,"23":0,"24":0,"25":0,"26":0,"27":0,"28":0,"29":0,"30":0,"31":0,"32":0,"33":0,"34":0},"f":{"0":0,"1":0,"2":0,"3":0,"4":0,"5":0,"6":0,"7":0,"8":0,"9":0,"10":0,"11":0},"b":{"0":[0],"1":[0,0],"2":[0,0],"3":[0,0],"4":[0,0],"5":[0,0],"6":[0,0],"7":[0,0],"8":[0,0],"9":[0,0],"10":[0,0]}}
,"/mnt/c/Users/Arun Joseph/Documents/blueberryhills/blueberry-hms/apps/api-core/src/modules/booking/booking.service.ts": {"path":"/mnt/c/Users/Arun Joseph/Documents/blueberryhills/blueberry-hms/apps/api-core/src/modules/booking/booking.service.ts","statementMap":{"0":{"start":{"line":1,"column":0},"end":{"line":1,"column":103}},"1":{"start":{"line":2,"column":0},"end":{"line":2,"column":51}},"2":{"start":{"line":3,"column":0},"end":{"line":3,"column":59}},"3":{"start":{"line":4,"column":0},"end":{"line":4,"column":52}},"4":{"start":{"line":5,"column":0},"end":{"line":5,"column":52}},"5":{"start":{"line":6,"column":0},"end":{"line":6,"column":66}},"6":{"start":{"line":7,"column":0},"end":{"line":7,"column":54}},"7":{"start":{"line":11,"column":0},"end":{"line":11,"column":71}},"8":{"start":{"line":12,"column":0},"end":{"line":12,"column":71}},"9":{"start":{"line":13,"column":0},"end":{"line":13,"column":65}},"10":{"start":{"line":16,"column":7},"end":{"line":375,"column":null}},"11":{"start":{"line":19,"column":12},"end":{"line":19,"column":31}},"12":{"start":{"line":21,"column":12},"end":{"line":21,"column":28}},"13":{"start":{"line":23,"column":12},"end":{"line":23,"column":32}},"14":{"start":{"line":24,"column":12},"end":{"line":24,"column":26}},"15":{"start":{"line":29,"column":20},"end":{"line":29,"column":58}},"16":{"start":{"line":30,"column":21},"end":{"line":30,"column":60}},"17":{"start":{"line":32,"column":4},"end":{"line":34,"column":5}},"18":{"start":{"line":33,"column":6},"end":{"line":33,"column":82}},"19":{"start":{"line":36,"column":18},"end":{"line":36,"column":28}},"20":{"start":{"line":37,"column":4},"end":{"line":37,"column":31}},"21":{"start":{"line":39,"column":4},"end":{"line":41,"column":5}},"22":{"start":{"line":40,"column":6},"end":{"line":40,"column":75}},"23":{"start":{"line":44,"column":27},"end":{"line":45,"column":null}},"24":{"start":{"line":49,"column":4},"end":{"line":49,"column":62}},"25":{"start":{"line":52,"column":21},"end":{"line":54,"column":6}},"26":{"start":{"line":56,"column":4},"end":{"line":58,"column":5}},"27":{"start":{"line":57,"column":6},"end":{"line":57,"column":57}},"28":{"start":{"line":61,"column":4},"end":{"line":65,"column":5}},"29":{"start":{"line":62,"column":6},"end":{"line":64,"column":8}},"30":{"start":{"line":68,"column":21},"end":{"line":68,"column":47}},"31":{"start":{"line":69,"column":21},"end":{"line":69,"column":46}},"32":{"start":{"line":70,"column":22},"end":{"line":70,"column":37}},"33":{"start":{"line":71,"column":24},"end":{"line":71,"column":44}},"34":{"start":{"line":74,"column":26},"end":{"line":74,"column":60}},"35":{"start":{"line":77,"column":20},"end":{"line":87,"column":6}},"36":{"start":{"line":89,"column":4},"end":{"line":89,"column":54}},"37":{"start":{"line":93,"column":4},"end":{"line":96,"column":7}},"38":{"start":{"line":100,"column":4},"end":{"line":104,"column":7}},"39":{"start":{"line":108,"column":4},"end":{"line":115,"column":7}},"40":{"start":{"line":119,"column":20},"end":{"line":122,"column":6}},"41":{"start":{"line":124,"column":4},"end":{"line":126,"column":5}},"42":{"start":{"line":125,"column":6},"end":{"line":125,"column":71}},"43":{"start":{"line":128,"column":4},"end":{"line":128,"column":19}},"44":{"start":{"line":132,"column":20},"end":{"line":135,"column":6}},"45":{"start":{"line":137,"column":4},"end":{"line":139,"column":5}},"46":{"start":{"line":138,"column":6},"end":{"line":138,"column":74}},"47":{"start":{"line":141,"column":4},"end":{"line":141,"column":19}},"48":{"start":{"line":145,"column":20},"end":{"line":145,"column":42}},"49":{"start":{"line":148,"column":4},"end":{"line":166,"column":5}},"50":{"start":{"line":149,"column":22},"end":{"line":149,"column":83}},"51":{"start":{"line":150,"column":23},"end":{"line":150,"column":86}},"52":{"start":{"line":152,"column":29},"end":{"line":153,"column":null}},"53":{"start":{"line":156,"column":23},"end":{"line":156,"column":64}},"54":{"start":{"line":157,"column":24},"end":{"line":157,"column":39}},"55":{"start":{"line":158,"column":26},"end":{"line":158,"column":46}},"56":{"start":{"line":160,"column":6},"end":{"line":165,"column":9}},"57":{"start":{"line":169,"column":4},"end":{"line":177,"column":5}},"58":{"start":{"line":170,"column":6},"end":{"line":170,"column":55}},"59":{"start":{"line":172,"column":6},"end":{"line":176,"column":7}},"60":{"start":{"line":173,"column":8},"end":{"line":173,"column":51}},"61":{"start":{"line":174,"column":13},"end":{"line":176,"column":7}},"62":{"start":{"line":175,"column":8},"end":{"line":175,"column":54}},"63":{"start":{"line":179,"column":4},"end":{"line":179,"column":45}},"64":{"start":{"line":180,"column":4},"end":{"line":180,"column":54}},"65":{"start":{"line":184,"column":20},"end":{"line":184,"column":49}},"66":{"start":{"line":187,"column":17},"end":{"line":190,"column":6}},"67":{"start":{"line":192,"column":4},"end":{"line":194,"column":5}},"68":{"start":{"line":193,"column":6},"end":{"line":193,"column":52}},"69":{"start":{"line":196,"column":4},"end":{"line":198,"column":5}},"70":{"start":{"line":197,"column":6},"end":{"line":197,"column":58}},"71":{"start":{"line":201,"column":21},"end":{"line":205,"column":null}},"72":{"start":{"line":208,"column":4},"end":{"line":210,"column":5}},"73":{"start":{"line":209,"column":6},"end":{"line":209,"column":75}},"74":{"start":{"line":212,"column":4},"end":{"line":212,"column":28}},"75":{"start":{"line":213,"column":4},"end":{"line":213,"column":54}},"76":{"start":{"line":217,"column":20},"end":{"line":217,"column":42}},"77":{"start":{"line":219,"column":4},"end":{"line":221,"column":5}},"78":{"start":{"line":220,"column":6},"end":{"line":220,"column":81}},"79":{"start":{"line":223,"column":4},"end":{"line":225,"column":5}},"80":{"start":{"line":224,"column":6},"end":{"line":224,"column":77}},"81":{"start":{"line":228,"column":4},"end":{"line":230,"column":7}},"82":{"start":{"line":232,"column":4},"end":{"line":232,"column":46}},"83":{"start":{"line":233,"column":4},"end":{"line":233,"column":37}},"84":{"start":{"line":235,"column":4},"end":{"line":235,"column":54}},"85":{"start":{"line":239,"column":20},"end":{"line":239,"column":42}},"86":{"start":{"line":241,"column":4},"end":{"line":243,"column":5}},"87":{"start":{"line":242,"column":6},"end":{"line":242,"column":83}},"88":{"start":{"line":246,"column":4},"end":{"line":250,"column":5}},"89":{"start":{"line":247,"column":6},"end":{"line":249,"column":9}},"90":{"start":{"line":253,"column":4},"end":{"line":256,"column":6}},"91":{"start":{"line":258,"column":4},"end":{"line":258,"column":47}},"92":{"start":{"line":259,"column":4},"end":{"line":259,"column":38}},"93":{"start":{"line":261,"column":4},"end":{"line":261,"column":54}},"94":{"start":{"line":265,"column":20},"end":{"line":265,"column":42}},"95":{"start":{"line":267,"column":4},"end":{"line":269,"column":5}},"96":{"start":{"line":268,"column":6},"end":{"line":268,"column":72}},"97":{"start":{"line":272,"column":4},"end":{"line":276,"column":5}},"98":{"start":{"line":273,"column":6},"end":{"line":275,"column":9}},"99":{"start":{"line":278,"column":4},"end":{"line":278,"column":45}},"100":{"start":{"line":279,"column":4},"end":{"line":279,"column":37}},"101":{"start":{"line":280,"column":4},"end":{"line":280,"column":48}},"102":{"start":{"line":282,"column":4},"end":{"line":282,"column":54}},"103":{"start":{"line":286,"column":20},"end":{"line":286,"column":45}},"104":{"start":{"line":287,"column":21},"end":{"line":287,"column":47}},"105":{"start":{"line":290,"column":32},"end":{"line":296,"column":6}},"106":{"start":{"line":299,"column":24},"end":{"line":304,"column":6}},"107":{"start":{"line":300,"column":29},"end":{"line":300,"column":58}},"108":{"start":{"line":301,"column":30},"end":{"line":301,"column":60}},"109":{"start":{"line":303,"column":6},"end":{"line":303,"column":70}},"110":{"start":{"line":307,"column":28},"end":{"line":307,"column":96}},"111":{"start":{"line":307,"column":49},"end":{"line":307,"column":57}},"112":{"start":{"line":307,"column":72},"end":{"line":307,"column":83}},"113":{"start":{"line":310,"column":16},"end":{"line":314,"column":74}},"114":{"start":{"line":316,"column":4},"end":{"line":318,"column":5}},"115":{"start":{"line":317,"column":6},"end":{"line":317,"column":90}},"116":{"start":{"line":320,"column":4},"end":{"line":322,"column":5}},"117":{"start":{"line":321,"column":6},"end":{"line":321,"column":94}},"118":{"start":{"line":324,"column":27},"end":{"line":324,"column":48}},"119":{"start":{"line":326,"column":4},"end":{"line":331,"column":6}},"120":{"start":{"line":340,"column":18},"end":{"line":346,"column":63}},"121":{"start":{"line":348,"column":4},"end":{"line":350,"column":5}},"122":{"start":{"line":349,"column":6},"end":{"line":349,"column":78}},"123":{"start":{"line":352,"column":18},"end":{"line":352,"column":40}},"124":{"start":{"line":353,"column":4},"end":{"line":353,"column":21}},"125":{"start":{"line":357,"column":17},"end":{"line":357,"column":27}},"126":{"start":{"line":358,"column":17},"end":{"line":358,"column":56}},"127":{"start":{"line":359,"column":18},"end":{"line":359,"column":67}},"128":{"start":{"line":360,"column":16},"end":{"line":360,"column":58}},"129":{"start":{"line":363,"column":23},"end":{"line":363,"column":58}},"130":{"start":{"line":364,"column":21},"end":{"line":364,"column":61}},"131":{"start":{"line":366,"column":18},"end":{"line":370,"column":6}},"132":{"start":{"line":372,"column":21},"end":{"line":372,"column":60}},"133":{"start":{"line":373,"column":4},"end":{"line":373,"column":48}},"134":{"start":{"line":16,"column":13},"end":{"line":16,"column":27}},"135":{"start":{"line":16,"column":13},"end":{"line":375,"column":null}}},"fnMap":{"0":{"name":"(anonymous_4)","decl":{"start":{"line":17,"column":2},"end":{"line":17,"column":null}},"loc":{"start":{"line":24,"column":38},"end":{"line":25,"column":6}}},"1":{"name":"(anonymous_5)","decl":{"start":{"line":27,"column":2},"end":{"line":27,"column":7}},"loc":{"start":{"line":27,"column":49},"end":{"line":90,"column":3}}},"2":{"name":"(anonymous_6)","decl":{"start":{"line":92,"column":2},"end":{"line":92,"column":7}},"loc":{"start":{"line":92,"column":15},"end":{"line":97,"column":3}}},"3":{"name":"(anonymous_7)","decl":{"start":{"line":99,"column":2},"end":{"line":99,"column":7}},"loc":{"start":{"line":99,"column":42},"end":{"line":105,"column":3}}},"4":{"name":"(anonymous_8)","decl":{"start":{"line":107,"column":2},"end":{"line":107,"column":7}},"loc":{"start":{"line":107,"column":54},"end":{"line":116,"column":3}}},"5":{"name":"(anonymous_9)","decl":{"start":{"line":118,"column":2},"end":{"line":118,"column":7}},"loc":{"start":{"line":118,"column":26},"end":{"line":129,"column":3}}},"6":{"name":"(anonymous_10)","decl":{"start":{"line":131,"column":2},"end":{"line":131,"column":7}},"loc":{"start":{"line":131,"column":49},"end":{"line":142,"column":3}}},"7":{"name":"(anonymous_11)","decl":{"start":{"line":144,"column":2},"end":{"line":144,"column":7}},"loc":{"start":{"line":144,"column":61},"end":{"line":181,"column":3}}},"8":{"name":"(anonymous_12)","decl":{"start":{"line":183,"column":2},"end":{"line":183,"column":7}},"loc":{"start":{"line":183,"column":52},"end":{"line":214,"column":3}}},"9":{"name":"(anonymous_13)","decl":{"start":{"line":216,"column":2},"end":{"line":216,"column":7}},"loc":{"start":{"line":216,"column":26},"end":{"line":236,"column":3}}},"10":{"name":"(anonymous_14)","decl":{"start":{"line":238,"column":2},"end":{"line":238,"column":7}},"loc":{"start":{"line":238,"column":27},"end":{"line":262,"column":3}}},"11":{"name":"(anonymous_15)","decl":{"start":{"line":264,"column":2},"end":{"line":264,"column":7}},"loc":{"start":{"line":264,"column":42},"end":{"line":283,"column":3}}},"12":{"name":"(anonymous_16)","decl":{"start":{"line":285,"column":2},"end":{"line":285,"column":7}},"loc":{"start":{"line":285,"column":51},"end":{"line":332,"column":3}}},"13":{"name":"(anonymous_17)","decl":{"start":{"line":299,"column":51},"end":{"line":299,"column":58}},"loc":{"start":{"line":299,"column":61},"end":{"line":304,"column":5}}},"14":{"name":"(anonymous_18)","decl":{"start":{"line":307,"column":44},"end":{"line":307,"column":45}},"loc":{"start":{"line":307,"column":49},"end":{"line":307,"column":57}}},"15":{"name":"(anonymous_19)","decl":{"start":{"line":307,"column":66},"end":{"line":307,"column":68}},"loc":{"start":{"line":307,"column":72},"end":{"line":307,"column":83}}},"16":{"name"
[...]
8,"column":17}},"6":{"start":{"line":10,"column":2},"end":{"line":10,"column":null}},"7":{"start":{"line":13,"column":2},"end":{"line":13,"column":null}},"8":{"start":{"line":20,"column":2},"end":{"line":20,"column":null}},"9":{"start":{"line":23,"column":2},"end":{"line":23,"column":null}},"10":{"start":{"line":27,"column":2},"end":{"line":27,"column":null}},"11":{"start":{"line":25,"column":19},"end":{"line":25,"column":27}},"12":{"start":{"line":30,"column":2},"end":{"line":30,"column":null}},"13":{"start":{"line":33,"column":2},"end":{"line":33,"column":null}},"14":{"start":{"line":36,"column":2},"end":{"line":36,"column":null}},"15":{"start":{"line":39,"column":2},"end":{"line":39,"column":null}},"16":{"start":{"line":42,"column":2},"end":{"line":42,"column":null}},"17":{"start":{"line":8,"column":13},"end":{"line":43,"column":null}}},"fnMap":{"0":{"name":"(anonymous_2)","decl":{"start":{"line":25,"column":13},"end":{"line":25,"column":16}},"loc":{"start":{"line":25,"column":19},"end":{"line":25,"column":27}}}},"branchMap":{"0":{"loc":{"start":{"line":20,"column":10},"end":{"line":20,"column":21}},"type":"cond-expr","locations":[{"start":{"line":20,"column":20},"end":{"line":20,"column":21}},{"start":{"line":20,"column":20},"end":{"line":20,"column":21}}]},"1":{"loc":{"start":{"line":20,"column":10},"end":{"line":20,"column":20}},"type":"binary-expr","locations":[{"start":{"line":20,"column":10},"end":{"line":20,"column":21}},{"start":{"line":20,"column":10},"end":{"line":20,"column":20}}]},"2":{"loc":{"start":{"line":27,"column":12},"end":{"line":27,"column":21}},"type":"cond-expr","locations":[{"start":{"line":27,"column":20},"end":{"line":27,"column":21}},{"start":{"line":27,"column":20},"end":{"line":27,"column":21}}]},"3":{"loc":{"start":{"line":27,"column":12},"end":{"line":27,"column":20}},"type":"binary-expr","locations":[{"start":{"line":27,"column":12},"end":{"line":27,"column":21}},{"start":{"line":27,"column":12},"end":{"line":27,"column":20}}]},"4":{"loc":{"start":{"line":36,"column":17},"end":{"line":36,"column":22}},"type":"cond-expr","locations":[{"start":{"line":36,"column":21},"end":{"line":36,"column":22}},{"start":{"line":36,"column":21},"end":{"line":36,"column":22}}]},"5":{"loc":{"start":{"line":36,"column":17},"end":{"line":36,"column":21}},"type":"binary-expr","locations":[{"start":{"line":36,"column":17},"end":{"line":36,"column":22}},{"start":{"line":36,"column":17},"end":{"line":36,"column":21}}]},"6":{"loc":{"start":{"line":39,"column":19},"end":{"line":39,"column":24}},"type":"cond-expr","locations":[{"start":{"line":39,"column":23},"end":{"line":39,"column":24}},{"start":{"line":39,"column":23},"end":{"line":39,"column":24}}]},"7":{"loc":{"start":{"line":39,"column":19},"end":{"line":39,"column":23}},"type":"binary-expr","locations":[{"start":{"line":39,"column":19},"end":{"line":39,"column":24}},{"start":{"line":39,"column":19},"end":{"line":39,"column":23}}]}},"s":{"0":1,"1":1,"2":1,"3":1,"4":1,"5":1,"6":1,"7":1,"8":1,"9":1,"10":1,"11":0,"12":1,"13":1,"14":1,"15":1,"16":1,"17":1},"f":{"0":0},"b":{"0":[0,1],"1":[1,1],"2":[1,0],"3":[1,1],"4":[1,0],"5":[1,1],"6":[1,0],"7":[1,1]}}
,"/mnt/c/Users/Arun Joseph/Documents/blueberryhills/blueberry-hms/apps/api-core/src/modules/user/user.controller.ts": {"path":"/mnt/c/Users/Arun Joseph/Documents/blueberryhills/blueberry-hms/apps/api-core/src/modules/user/user.controller.ts","statementMap":{"0":{"start":{"line":1,"column":0},"end":{"line":1,"column":null}},"1":{"start":{"line":13,"column":0},"end":{"line":13,"column":79}},"2":{"start":{"line":14,"column":0},"end":{"line":14,"column":45}},"3":{"start":{"line":15,"column":0},"end":{"line":15,"column":54}},"4":{"start":{"line":16,"column":0},"end":{"line":16,"column":54}},"5":{"start":{"line":17,"column":0},"end":{"line":17,"column":61}},"6":{"start":{"line":21,"column":7},"end":{"line":59,"column":null}},"7":{"start":{"line":22,"column":31},"end":{"line":22,"column":44}},"8":{"start":{"line":28,"column":4},"end":{"line":28,"column":50}},"9":{"start":{"line":35,"column":4},"end":{"line":37,"column":5}},"10":{"start":{"line":36,"column":6},"end":{"line":36,"column":47}},"11":{"start":{"line":38,"column":4},"end":{"line":38,"column":38}},"12":{"start":{"line":44,"column":4},"end":{"line":44,"column":40}},"13":{"start":{"line":50,"column":4},"end":{"line":50,"column":54}},"14":{"start":{"line":57,"column":4},"end":{"line":57,"column":39}},"15":{"start":{"line":21,"column":13},"end":{"line":21,"column":27}},"16":{"start":{"line":27,"column":2},"end":{"line":29,"column":null}},"17":{"start":{"line":34,"column":2},"end":{"line":39,"column":null}},"18":{"start":{"line":43,"column":2},"end":{"line":45,"column":null}},"19":{"start":{"line":49,"column":2},"end":{"line":51,"column":null}},"20":{"start":{"line":56,"column":2},"end":{"line":58,"column":null}},"21":{"start":{"line":21,"column":13},"end":{"line":59,"column":null}}},"fnMap":{"0":{"name":"(anonymous_4)","decl":{"start":{"line":22,"column":2},"end":{"line":22,"column":31}},"loc":{"start":{"line":22,"column":55},"end":{"line":22,"column":59}}},"1":{"name":"(anonymous_5)","decl":{"start":{"line":27,"column":2},"end":{"line":27,"column":8}},"loc":{"start":{"line":27,"column":45},"end":{"line":29,"column":3}}},"2":{"name":"(anonymous_6)","decl":{"start":{"line":34,"column":2},"end":{"line":34,"column":9}},"loc":{"start":{"line":34,"column":40},"end":{"line":39,"column":3}}},"3":{"name":"(anonymous_7)","decl":{"start":{"line":43,"column":2},"end":{"line":43,"column":9}},"loc":{"start":{"line":43,"column":33},"end":{"line":45,"column":3}}},"4":{"name":"(anonymous_8)","decl":{"start":{"line":49,"column":2},"end":{"line":49,"column":8}},"loc":{"start":{"line":49,"column":70},"end":{"line":51,"column":3}}},"5":{"name":"(anonymous_9)","decl":{"start":{"line":56,"column":2},"end":{"line":56,"column":8}},"loc":{"start":{"line":56,"column":32},"end":{"line":58,"column":3}}}},"branchMap":{"0":{"loc":{"start":{"line":35,"column":4},"end":{"line":37,"column":5}},"type":"if","locations":[{"start":{"line":35,"column":4},"end":{"line":37,"column":5}}]},"1":{"loc":{"start":{"line":27,"column":32},"end":{"line":27,"column":null}},"type":"cond-expr","locations":[{"start":{"line":27,"column":45},"end":{"line":27,"column":null}},{"start":{"line":27,"column":45},"end":{"line":27,"column":null}}]},"2":{"loc":{"start":{"line":27,"column":32},"end":{"line":27,"column":45}},"type":"binary-expr","locations":[{"start":{"line":27,"column":32},"end":{"line":27,"column":null}},{"start":{"line":27,"column":32},"end":{"line":27,"column":45}}]},"3":{"loc":{"start":{"line":34,"column":32},"end":{"line":34,"column":null}},"type":"cond-expr","locations":[{"start":{"line":34,"column":40},"end":{"line":34,"column":null}},{"start":{"line":34,"column":40},"end":{"line":34,"column":null}}]},"4":{"loc":{"start":{"line":34,"column":32},"end":{"line":34,"column":40}},"type":"binary-expr","locations":[{"start":{"line":34,"column":32},"end":{"line":34,"column":null}},{"start":{"line":34,"column":32},"end":{"line":34,"column":40}}]},"5":{"loc":{"start":{"line":49,"column":57},"end":{"line":49,"column":null}},"type":"cond-expr","locations":[{"start":{"line":49,"column":70},"end":{"line":49,"column":null}},{"start":{"line":49,"column":70},"end":{"line":49,"column":null}}]},"6":{"loc":{"start":{"line":49,"column":57},"end":{"line":49,"column":70}},"type":"binary-expr","locations":[{"start":{"line":49,"column":57},"end":{"line":49,"column":null}},{"start":{"line":49,"column":57},"end":{"line":49,"column":70}}]},"7":{"loc":{"start":{"line":22,"column":44},"end":{"line":22,"column":58}},"type":"cond-expr","locations":[{"start":{"line":22,"column":55},"end":{"line":22,"column":58}},{"start":{"line":22,"column":55},"end":{"line":22,"column":58}}]},"8":{"loc":{"start":{"line":22,"column":44},"end":{"line":22,"column":55}},"type":"binary-expr","locations":[{"start":{"line":22,"column":44},"end":{"line":22,"column":58}},{"start":{"line":22,"column":44},"end":{"line":22,"column":55}}]}},"s":{"0":0,"1":0,"2":0,"3":0,"4":0,"5":0,"6":0,"7":0,"8":0,"9":0,"10":0,"11":0,"12":0,"13":0,"14":0,"15":0,"16":0,"17":0,"18":0,"19":0,"20":0,"21":0},"f":{"0":0,"1":0,"2":0,"3":0,"4":0,"5":0},"b":{"0":[0],"1":[0,0],"2":[0,0],"3":[0,0],"4":[0,0],"5":[0,0],"6":[0,0],"7":[0,0],"8":[0,0]}}
,"/mnt/c/Users/Arun Joseph/Documents/blueberryhills/blueberry-hms/apps/api-core/src/modules/user/user.service.ts": {"path":"/mnt/c/Users/Arun Joseph/Documents/blueberryhills/blueberry-hms/apps/api-core/src/modules/user/user.service.ts","statementMap":{"0":{"start":{"line":1,"column":0},"end":{"line":1,"column":82}},"1":{"start":{"line":2,"column":0},"end":{"line":2,"column":51}},"2":{"start":{"line":3,"column":0},"end":{"line":3,"column":37}},"3":{"start":{"line":4,"column":0},"end":{"line":4,"column":46}},"4":{"start":{"line":8,"column":0},"end":{"line":8,"column":65}},"5":{"start":{"line":11,"column":7},"end":{"line":101,"column":null}},"6":{"start":{"line":14,"column":12},"end":{"line":14,"column":28}},"7":{"start":{"line":18,"column":25},"end":{"line":21,"column":6}},"8":{"start":{"line":23,"column":4},"end":{"line":25,"column":5}},"9":{"start":{"line":24,"column":6},"end":{"line":24,"column":62}},"10":{"start":{"line":27,"column":17},"end":{"line":27,"column":58}},"11":{"start":{"line":28,"column":4},"end":{"line":28,"column":48}},"12":{"start":{"line":32,"column":4},"end":{"line":34,"column":7}},"13":{"start":{"line":38,"column":4},"end":{"line":41,"column":7}},"14":{"start":{"line":45,"column":17},"end":{"line":45,"column":69}},"15":{"start":{"line":46,"column":4},"end":{"line":48,"column":5}},"16":{"start":{"line":47,"column":6},"end":{"line":47,"column":68}},"17":{"start":{"line":49,"column":4},"end":{"line":49,"column":16}},"18":{"start":{"line":53,"column":4},"end":{"line":73,"column":7}},"19":{"start":{"line":77,"column":17},"end":{"line":77,"column":39}},"20":{"start":{"line":79,"column":4},"end":{"line":84,"column":5}},"21":{"start":{"line":80,"column":27},"end":{"line":80,"column":70}},"22":{"start":{"line":81,"column":6},"end":{"line":83,"column":7}},"23":{"start":{"line":82,"column":8},"end":{"line":82,"column":60}},"24":{"start":{"line":86,"column":4},"end":{"line":86,"column":39}},"25":{"start":{"line":87,"column":4},"end":{"line":87,"column":48}},"26":{"start":{"line":91,"column":17},"end":{"line":91,"column":39}},"27":{"start":{"line":92,"column":4},"end":{"line":92,"column":47}},"28":{"start":{"line":96,"column":4},"end":{"line":99,"column":7}},"29":{"start":{"line":11,"column":13},"end":{"line":11,"column":24}},"30":{"start":{"line":11,"column":13},"end":{"line":101,"column":null}}},"fnMap":{"0":{"name":"(anonymous_4)","decl":{"start":{"line":12,"column":2},"end":{"line":12,"column":null}},"loc":{"start":{"line":14,"column":44},"end":{"line":15,"column":6}}},"1":{"name":"(anonymous_5)","decl":{"start":{"line":17,"column":2},"end":{"line":17,"column":7}},"loc":{"start":{"line":17,"column":67},"end":{"line":29,"column":3}}},"2":{"name":"(anonymous_6)","decl":{"start":{"line":31,"column":2},"end":{"line":31,"column":7}},"loc":{"start":{"line":31,"column":15},"end":{"line":35,"column":3}}},"3":{"name":"(anonymous_7)","decl":{"start":{"line":37,"column":2},"end":{"line":37,"column":7}},"loc":{"start":{"line":37,"column":33},"end":{"line":42,"column":3}}},"4":{"name":"(anonymous_8)","decl":{"start":{"line":44,"column":2},"end":{"line":44,"column":7}},"loc":{"start":{"line":44,"column":26},"end":{"line":50,"column":3}}},"5":{"name":"(anonymous_9)","decl":{"start":{"line":52,"column":2},"end":{"line":52,"column":7}},"loc":{"start":{"line":52,"column":33},"end":{"line":74,"column":3}}},"6":{"name":"(anonymous_10)","decl":{"start":{"line":76,"column":2},"end":{"line":76,"column":7}},"loc":{"start":{"line":76,"column":55},"end":{"line":88,"column":3}}},"7":{"name":"(anonymous_11)","decl":{"start":{"line":90,"column":2},"end":{"line":90,"column":7}},"loc":{"start":{"line":90,"column":25},"end":{"line":93,"column":3}}},"8":{"name":"(anonymous_12)","decl":{"start":{"line":95,"column":2},"end":{"line":95,"column":7}},"loc":{"start":{"line":95,"column":57},"end":{"line":100,"column":3}}}},"branchMap":{"0":{"loc":{"start":{"line":23,"column":4},"end":{"line":25,"column":5}},"type":"if","locations":[{"start":{"line":23,"column":4},"end":{"line":25,"column":5}}]},"1":{"loc":{"start":{"line":23,"column":8},"end":{"line":23,"column":47}},"type":"binary-expr","locations":[{"start":{"line":23,"column":8},"end":{"line":23,"column":20}},{"start":{"line":23,"column":24},"end":{"line":23,"column":47}}]},"2":{"loc":{"start":{"line":46,"column":4},"end":{"line":48,"column":5}},"type":"if","locations":[{"start":{"line":46,"column":4},"end":{"line":48,"column":5}}]},"3":{"loc":{"start":{"line":79,"column":4},"end":{"line":84,"column":5}},"type":"if","locations":[{"start":{"line":79,"column":4},"end":{"line":84,"column":5}}]},"4":{"loc":{"start":{"line":79,"column":8},"end":{"line":79,"column":65}},"type":"binary-expr","locations":[{"start":{"line":79,"column":8},"end":{"line":79,"column":27}},{"start":{"line":79,"column":31},"end":{"line":79,"column":65}}]},"5":{"loc":{"start":{"line":81,"column":6},"end":{"line":83,"column":7}},"type":"if","locations":[{"start":{"line":81,"column":6},"end":{"line":83,"column":7}}]},"6":{"loc":{"start":{"line":14,"column":28},"end":{"line":14,"column":44}},"type":"cond-expr","locations":[{"start":{"line":14,"column":38},"end":{"line":14,"column":44}},{"start":{"line":14,"column":38},"end":{"line":14,"column":44}}]},"7":{"loc":{"start":{"line":14,"column":28},"end":{"line":14,"column":38}},"type":"binary-expr","locations":[{"start":{"line":14,"column":28},"end":{"line":14,"column":44}},{"start":{"line":14,"column":28},"end":{"line":14,"column":38}}]}},"s":{"0":0,"1":0,"2":0,"3":0,"4":0,"5":0,"6":0,"7":0,"8":0,"9":0,"10":0,"11":0,"12":0,"13":0,"14":0,"15":0,"16":0,"17":0,"18":0,"19":0,"20":0,"21":0,"22":0,"23":0,"24":0,"25":0,"26":0,"27":0,"28":0,"29":0,"30":0},"f":{"0":0,"1":0,"2":0,"3":0,"4":0,"5":0,"6":0,"7":0,"8":0},"b":{"0":[0],"1":[0,0],"2":[0],"3":[0],"4":[0,0],"5":[0],"6":[0,0],"7":[0,0]}}
,"/mnt/c/Users/Arun Joseph/Documents/blueberryhills/blueberry-hms/apps/api-core/src/modules/user/dto/create-user.dto.ts": {"path":"/mnt/c/Users/Arun Joseph/Documents/blueberryhills/blueberry-hms/apps/api-core/src/modules/user/dto/create-user.dto.ts","statementMap":{"0":{"start":{"line":1,"column":0},"end":{"line":1,"column":103}},"1":{"start":{"line":2,"column":0},"end":{"line":2,"column":46}},"2":{"start":{"line":3,"column":0},"end":{"line":3,"column":64}},"3":{"start":{"line":5,"column":0},"end":{"line":5,"column":13}},"4":{"start":{"line":8,"column":2},"end":{"line":8,"column":null}},"5":{"start":{"line":14,"column":2},"end":{"line":14,"column":null}},"6":{"start":{"line":20,"column":2},"end":{"line":20,"column":null}},"7":{"start":{"line":26,"column":2},"end":{"line":26,"column":null}},"8":{"start":{"line":30,"column":2},"end":{"line":30,"column":null}}},"fnMap":{},"branchMap":{"0":{"loc":{"start":{"line":30,"column":8},"end":{"line":30,"column":17}},"type":"cond-expr","locations":[{"start":{"line":30,"column":16},"end":{"line":30,"column":17}},{"start":{"line":30,"column":16},"end":{"line":30,"column":17}}]},"1":{"loc":{"start":{"line":30,"column":8},"end":{"line":30,"column":16}},"type":"binary-expr","locations":[{"start":{"line":30,"column":8},"end":{"line":30,"column":17}},{"start":{"line":30,"column":8},"end":{"line":30,"column":16}}]}},"s":{"0":0,"1":0,"2":0,"3":0,"4":0,"5":0,"6":0,"7":0,"8":0},"f":{},"b":{"0":[0,0],"1":[0,0]}}
,"/mnt/c/Users/Arun Joseph/Documents/blueberryhills/blueberry-hms/apps/api-core/src/modules/user/dto/update-user.dto.ts": {"path":"/mnt/c/Users/Arun Joseph/Documents/blueberryhills/blueberry-hms/apps/api-core/src/modules/user/dto/update-user.dto.ts","statementMap":{"0":{"start":{"line":1,"column":0},"end":{"line":1,"column":46}},"1":{"start":{"line":2,"column":0},"end":{"line":2,"column":50}},"2":{"start":{"line":3,"column":0},"end":{"line":3,"column":53}},"3":{"start":{"line":4,"column":0},"end":{"line":4,"column":46}},"4":{"start":{"line":5,"column":0},"end":{"line":5,"column":68}},"5":{"start":{"line":7,"column":0},"end":{"line":7,"column":13}},"6":{"start":{"line":11,"column":2},"end":{"line":11,"column":null}}},"fnMap":{},"branchMap":{"0":{"loc":{"start":{"line":11,"column":11},"end":{"line":11,"column":22}},"type":"cond-expr","locations":[{"start":{"line":11,"column":21},"end":{"line":11,"column":22}},{"start":{"line":11,"column":21},"end":{"line":11,"column":22}}]},"1":{"loc":{"start":{"line":11,"column":11},"end":{"line":11,"column":21}},"type":"binary-expr","locations":[{"start":{"line":11,"column":11},"end":{"line":11,"column":22}},{"start":{"line":11,"column":11},"end":{"line":11,"column":21}}]}},"s":{"0":0,"1":0,"2":0,"3":0,"4":0,"5":0,"6":0},"f":{},"b":{"0":[0,0],"1":[0,0]}}
,"/mnt/c/Users/Arun Joseph/Documents/blueberryhills/blueberry-hms/apps/api-core/src/modules/user/entities/user.entity.ts": {"path":"/mnt/c/Users/Arun Joseph/Documents/blueberryhills/blueberry-hms/apps/api-core/src/modules/user/entities/user.entity.ts","statementMap":{"0":{"start":{"line":1,"column":0},"end":{"line":1,"column":48}},"1":{"start":{"line":2,"column":0},"end":{"line":2,"column":44}},"2":{"start":{"line":3,"column":0},"end":{"line":3,"column":66}},"3":{"start":{"line":4,"column":0},"end":{"line":4,"column":64}},"4":{"start":{"line":5,"column":0},"end":{"line":5,"column":68}},"5":{"start":{"line":9,"column":7},"end":{"line":103,"column":null}},"6":{"start":{"line":101,"column":4},"end":{"line":101,"column":48}},"7":{"start":{"line":9,"column":13},"end":{"line":9,"column":17}},"8":{"start":{"line":16,"column":2},"end":{"line":16,"column":null}},"9":{"start":{"line":23,"column":2},"end":{"line":23,"column":null}},"10":{"start":{"line":32,"column":2},"end":{"line":32,"column":null}},"11":{"start":{"line":39,"column":2},"end":{"line":39,"column":null}},"12":{"start":{"line":46,"column":2},"end":{"line":46,"column":null}},"13":{"start":{"line":54,"column":2},"end":{"line":54,"column":null}},"14":{"start":{"line":61,"column":2},"end":{"line":61,"column":null}},"15":{"start":{"line":68,"column":2},"end":{"line":68,"column":null}},"16":{"start":{"line":76,"column":2},"end":{"line":76,"column":null}},"17":{"start":{"line":83,"column":2},"end":{"line":83,"column":null}},"18":{"start":{"line":90,"column":2},"end":{"line":90,"column":null}},"19":{"start":{"line":98,"column":2},"end":{"line":98,"column":null}},"20":{"start":{"line":9,"column":13},"end":{"line":103,"column":null}}},"fnMap":{"0":{"name":"(anonymous_2)","decl":{"start":{"line":100,"column":2},"end":{"line":100,"column":6}},"loc":{"start":{"line":100,"column":14},"end":{"line":102,"column":3}}}},"branchMap":{"0":{"loc":{"start":{"line":61,"column":8},"end":{"line":61,"column":17}},"type":"cond-expr","locations":[{"start":{"line":61,"column":16},"end":{"line":61,"column":17}},{"start":{"line":61,"column":16},"end":{"line":61,"column":17}}]},"1":{"loc":{"start":{"line":61,"column":8},"end":{"line":61,"column":16}},"type":"binary-expr","locations":[{"start":{"line":61,"column":8},"end":{"line":61,"column":17}},{"start":{"line":61,"column":8},"end":{"line":61,"column":16}}]},"2":{"loc":{"start":{"line":68,"column":10},"end":{"line":68,"column":21}},"type":"cond-expr","locations":[{"start":{"line":68,"column":20},"end":{"line":68,"column":21}},{"start":{"line":68,"column":20},"end":{"line":68,"column":21}}]},"3":{"loc":{"start":{"line":68,"column":10},"end":{"line":68,"column":20}},"type":"binary-expr","locations":[{"start":{"line":68,"column":10},"end":{"line":68,"column":21}},{"start":{"line":68,"column":10},"end":{"line":68,"column":20}}]}},"s":{"0":0,"1":0,"2":0,"3":0,"4":0,"5":0,"6":0,"7":0,"8":0,"9":0,"10":0,"11":0,"12":0,"13":0,"14":0,"15":0,"16":0,"17":0,"18":0,"19":0,"20":0},"f":{"0":0},"b":{"0":[0,0],"1":[0,0],"2":[0,0],"3":[0,0]}}
}
