TN:
SF:src/app.controller.ts
FN:6,(anonymous_2)
FN:9,(anonymous_3)
FN:14,(anonymous_4)
FNF:3
FNH:3
FNDA:2,(anonymous_2)
FNDA:1,(anonymous_3)
FNDA:1,(anonymous_4)
DA:1,1
DA:2,1
DA:5,1
DA:6,2
DA:9,1
DA:10,1
DA:14,1
DA:15,1
LF:8
LH:8
BRDA:6,0,0,1
BRDA:6,0,1,0
BRDA:6,1,0,1
BRDA:6,1,1,1
BRF:4
BRH:3
end_of_record
TN:
SF:src/app.service.ts
FN:5,(anonymous_1)
FNF:1
FNH:1
FNDA:2,(anonymous_1)
DA:1,2
DA:4,2
DA:6,2
LF:3
LH:3
BRF:0
BRH:0
end_of_record
TN:
SF:src/common/decorators/current-user.decorator.ts
FN:5,(anonymous_0)
FNF:1
FNH:0
FNDA:0,(anonymous_0)
DA:1,0
DA:4,0
DA:6,0
DA:7,0
LF:4
LH:0
BRF:0
BRH:0
end_of_record
TN:
SF:src/common/decorators/roles.decorator.ts
FN:4,(anonymous_0)
FNF:1
FNH:0
FNDA:0,(anonymous_0)
DA:1,0
DA:4,0
LF:2
LH:0
BRF:0
BRH:0
end_of_record
TN:
SF:src/common/entities/base.entity.ts
FNF:0
FNH:0
DA:1,1
DA:8,1
DA:10,1
DA:13,1
DA:16,1
DA:19,1
LF:6
LH:6
BRDA:13,0,0,1
BRDA:13,0,1,0
BRDA:13,1,0,1
BRDA:13,1,1,1
BRDA:16,2,0,1
BRDA:16,2,1,0
BRDA:16,3,0,1
BRDA:16,3,1,1
BRF:8
BRH:6
end_of_record
TN:
SF:src/common/enums/bed-type.enum.ts
FN:5,(anonymous_0)
FNF:1
FNH:1
FNDA:1,(anonymous_0)
DA:5,1
DA:6,1
DA:7,1
DA:8,1
DA:9,1
DA:10,1
DA:11,1
DA:12,1
LF:8
LH:8
BRDA:5,0,0,1
BRDA:5,0,1,1
BRF:2
BRH:2
end_of_record
TN:
SF:src/common/enums/booking-status.enum.ts
FN:5,(anonymous_0)
FNF:1
FNH:1
FNDA:1,(anonymous_0)
DA:5,1
DA:6,1
DA:7,1
DA:8,1
DA:9,1
DA:10,1
DA:11,1
DA:12,1
LF:8
LH:8
BRDA:5,0,0,1
BRDA:5,0,1,1
BRF:2
BRH:2
end_of_record
TN:
SF:src/common/enums/payment-method.enum.ts
FN:4,(anonymous_0)
FNF:1
FNH:1
FNDA:1,(anonymous_0)
DA:4,1
DA:5,1
DA:6,1
DA:7,1
DA:8,1
DA:9,1
DA:10,1
DA:11,1
LF:8
LH:8
BRDA:4,0,0,1
BRDA:4,0,1,1
BRF:2
BRH:2
end_of_record
TN:
SF:src/common/enums/payment-status.enum.ts
FN:4,(anonymous_0)
FNF:1
FNH:1
FNDA:1,(anonymous_0)
DA:4,1
DA:5,1
DA:6,1
DA:7,1
DA:8,1
DA:9,1
LF:6
LH:6
BRDA:4,0,0,1
BRDA:4,0,1,1
BRF:2
BRH:2
end_of_record
TN:
SF:src/common/enums/room-status.enum.ts
FN:5,(anonymous_0)
FNF:1
FNH:1
FNDA:1,(anonymous_0)
DA:5,1
DA:6,1
DA:7,1
DA:8,1
DA:9,1
DA:10,1
DA:11,1
DA:12,1
LF:8
LH:8
BRDA:5,0,0,1
BRDA:5,0,1,1
BRF:2
BRH:2
end_of_record
TN:
SF:src/common/enums/user-role.enum.ts
FN:5,(anonymous_0)
FNF:1
FNH:0
FNDA:0,(anonymous_0)
DA:5,0
DA:6,0
DA:7,0
DA:8,0
DA:9,0
DA:10,0
DA:11,0
DA:12,0
DA:13,0
DA:20,0
LF:10
LH:0
BRDA:5,0,0,0
BRDA:5,0,1,0
BRF:2
BRH:0
end_of_record
TN:
SF:src/common/enums/user-status.enum.ts
FN:4,(anonymous_0)
FNF:1
FNH:0
FNDA:0,(anonymous_0)
DA:4,0
DA:5,0
DA:6,0
DA:7,0
DA:8,0
LF:5
LH:0
BRDA:4,0,0,0
BRDA:4,0,1,0
BRF:2
BRH:0
end_of_record
TN:
SF:src/common/enums/view-type.enum.ts
FN:5,(anonymous_0)
FNF:1
FNH:1
FNDA:1,(anonymous_0)
DA:5,1
DA:6,1
DA:7,1
DA:8,1
DA:9,1
DA:10,1
DA:11,1
DA:12,1
LF:8
LH:8
BRDA:5,0,0,1
BRDA:5,0,1,1
BRF:2
BRH:2
end_of_record
TN:
SF:src/common/filters/http-exception.filter.ts
FN:15,(anonymous_1)
FNF:1
FNH:0
FNDA:0,(anonymous_1)
DA:1,0
DA:12,0
DA:13,0
DA:16,0
DA:17,0
DA:18,0
DA:20,0
DA:21,0
DA:22,0
DA:24,0
DA:25,0
DA:26,0
DA:28,0
DA:29,0
DA:30,0
DA:32,0
DA:34,0
DA:35,0
DA:38,0
DA:43,0
LF:20
LH:0
BRDA:24,0,0,0
BRDA:24,0,1,0
BRDA:28,1,0,0
BRDA:28,1,1,0
BRDA:29,2,0,0
BRDA:29,2,1,0
BRDA:30,3,0,0
BRDA:30,3,1,0
BRDA:34,4,0,0
BRDA:40,5,0,0
BRDA:40,5,1,0
BRDA:49,6,0,0
BRDA:49,6,1,0
BRF:13
BRH:0
end_of_record
TN:
SF:src/common/guards/jwt-auth.guard.ts
FN:6,(anonymous_1)
FN:15,(anonymous_2)
FNF:2
FNH:0
FNDA:0,(anonymous_1)
FNDA:0,(anonymous_2)
DA:1,0
DA:2,0
DA:5,0
DA:7,0
DA:8,0
DA:10,0
DA:12,0
DA:16,0
DA:17,0
DA:18,0
DA:19,0
DA:20,0
DA:23,0
DA:24,0
LF:14
LH:0
BRDA:10,0,0,0
BRDA:10,0,1,0
BRDA:16,1,0,0
BRDA:16,2,0,0
BRDA:16,2,1,0
BRDA:20,3,0,0
BRDA:20,3,1,0
BRF:7
BRH:0
end_of_record
TN:
SF:src/common/guards/roles.guard.ts
FN:7,(anonymous_2)
FN:9,(anonymous_3)
FN:29,(anonymous_4)
FNF:3
FNH:0
FNDA:0,(anonymous_2)
FNDA:0,(anonymous_3)
FNDA:0,(anonymous_4)
DA:1,0
DA:2,0
DA:3,0
DA:6,0
DA:7,0
DA:10,0
DA:15,0
DA:16,0
DA:19,0
DA:20,0
DA:22,0
DA:23,0
DA:27,0
DA:28,0
DA:29,0
LF:15
LH:0
BRDA:15,0,0,0
BRDA:22,1,0,0
BRDA:7,2,0,0
BRDA:7,2,1,0
BRDA:7,3,0,0
BRDA:7,3,1,0
BRF:6
BRH:0
end_of_record
TN:
SF:src/common/interceptors/audit-log.interceptor.ts
FN:15,(anonymous_4)
FN:20,(anonymous_5)
FN:33,(anonymous_6)
FN:66,(anonymous_7)
FNF:4
FNH:0
FNDA:0,(anonymous_4)
FNDA:0,(anonymous_5)
FNDA:0,(anonymous_6)
FNDA:0,(anonymous_7)
DA:1,0
DA:8,0
DA:9,0
DA:10,0
DA:11,0
DA:14,0
DA:17,0
DA:21,0
DA:22,0
DA:24,0
DA:25,0
DA:28,0
DA:29,0
DA:30,0
DA:32,0
DA:34,0
DA:35,0
DA:42,0
DA:58,0
DA:60,0
DA:67,0
DA:68,0
LF:22
LH:0
BRDA:24,0,0,0
BRDA:28,1,0,0
BRDA:28,1,1,0
BRDA:46,2,0,0
BRDA:46,2,1,0
BRDA:49,3,0,0
BRDA:49,3,1,0
BRDA:68,4,0,0
BRDA:68,4,1,0
BRDA:17,5,0,0
BRDA:17,5,1,0
BRDA:17,6,0,0
BRDA:17,6,1,0
BRF:13
BRH:0
end_of_record
TN:
SF:src/config/database.config.ts
FN:4,(anonymous_0)
FNF:1
FNH:0
FNDA:0,(anonymous_0)
DA:4,0
DA:6,0
LF:2
LH:0
BRDA:8,0,0,0
BRDA:8,0,1,0
BRDA:9,1,0,0
BRDA:9,1,1,0
BRF:4
BRH:0
end_of_record
TN:
SF:src/modules/amenity/amenity.controller.ts
FN:20,(anonymous_4)
FN:25,(anonymous_5)
FN:31,(anonymous_6)
FN:37,(anonymous_7)
FN:43,(anonymous_8)
FN:49,(anonymous_9)
FN:56,(anonymous_10)
FNF:7
FNH:0
FNDA:0,(anonymous_4)
FNDA:0,(anonymous_5)
FNDA:0,(anonymous_6)
FNDA:0,(anonymous_7)
FNDA:0,(anonymous_8)
FNDA:0,(anonymous_9)
FNDA:0,(anonymous_10)
DA:1,0
DA:12,0
DA:13,0
DA:14,0
DA:15,0
DA:19,0
DA:20,0
DA:25,0
DA:26,0
DA:31,0
DA:32,0
DA:37,0
DA:38,0
DA:43,0
DA:44,0
DA:49,0
DA:50,0
DA:56,0
DA:57,0
LF:19
LH:0
BRDA:25,0,0,0
BRDA:25,0,1,0
BRDA:25,1,0,0
BRDA:25,1,1,0
BRDA:49,2,0,0
BRDA:49,2,1,0
BRDA:49,3,0,0
BRDA:49,3,1,0
BRDA:20,4,0,0
BRDA:20,4,1,0
BRDA:20,5,0,0
BRDA:20,5,1,0
BRF:12
BRH:0
end_of_record
TN:
SF:src/modules/amenity/amenity.service.ts
FN:10,(anonymous_4)
FN:15,(anonymous_5)
FN:20,(anonymous_6)
FN:26,(anonymous_7)
FN:33,(anonymous_8)
FN:41,(anonymous_9)
FN:47,(anonymous_10)
FNF:7
FNH:0
FNDA:0,(anonymous_4)
FNDA:0,(anonymous_5)
FNDA:0,(anonymous_6)
FNDA:0,(anonymous_7)
FNDA:0,(anonymous_8)
FNDA:0,(anonymous_9)
FNDA:0,(anonymous_10)
DA:1,0
DA:2,0
DA:3,0
DA:4,0
DA:9,0
DA:12,0
DA:16,0
DA:17,0
DA:21,0
DA:27,0
DA:34,0
DA:35,0
DA:36,0
DA:38,0
DA:42,0
DA:43,0
DA:44,0
DA:48,0
DA:49,0
LF:19
LH:0
BRDA:35,0,0,0
BRDA:12,1,0,0
BRDA:12,1,1,0
BRDA:12,2,0,0
BRDA:12,2,1,0
BRF:5
BRH:0
end_of_record
TN:
SF:src/modules/amenity/dto/create-amenity.dto.ts
FNF:0
FNH:0
DA:1,0
DA:2,0
DA:4,0
DA:8,0
DA:13,0
DA:19,0
DA:24,0
DA:29,0
LF:8
LH:0
BRF:0
BRH:0
end_of_record
TN:
SF:src/modules/amenity/dto/update-amenity.dto.ts
FNF:0
FNH:0
DA:1,0
DA:2,0
DA:3,0
DA:4,0
DA:6,0
DA:10,0
LF:6
LH:0
BRF:0
BRH:0
end_of_record
TN:
SF:src/modules/amenity/entities/amenity.entity.ts
FNF:0
FNH:0
DA:1,1
DA:2,1
DA:5,1
DA:7,1
DA:10,1
DA:13,1
DA:16,1
DA:19,1
DA:22,1
LF:9
LH:9
BRF:0
BRH:0
end_of_record
TN:
SF:src/modules/audit/entities/audit-log.entity.ts
FNF:0
FNH:0
DA:1,0
DA:2,0
DA:7,0
DA:9,0
DA:12,0
DA:15,0
DA:18,0
DA:21,0
DA:24,0
DA:27,0
DA:30,0
DA:33,0
LF:12
LH:0
BRF:0
BRH:0
end_of_record
TN:
SF:src/modules/auth/auth.controller.ts
FN:20,(anonymous_4)
FN:25,(anonymous_5)
FN:32,(anonymous_6)
FN:41,(anonymous_7)
FNF:4
FNH:0
FNDA:0,(anonymous_4)
FNDA:0,(anonymous_5)
FNDA:0,(anonymous_6)
FNDA:0,(anonymous_7)
DA:1,0
DA:9,0
DA:10,0
DA:11,0
DA:12,0
DA:13,0
DA:14,0
DA:15,0
DA:19,0
DA:20,0
DA:25,0
DA:26,0
DA:32,0
DA:33,0
DA:41,0
DA:42,0
LF:16
LH:0
BRDA:25,0,0,0
BRDA:25,0,1,0
BRDA:25,1,0,0
BRDA:25,1,1,0
BRDA:32,2,0,0
BRDA:32,2,1,0
BRDA:32,3,0,0
BRDA:32,3,1,0
BRDA:41,4,0,0
BRDA:41,4,1,0
BRDA:41,5,0,0
BRDA:41,5,1,0
BRDA:20,6,0,0
BRDA:20,6,1,0
BRDA:20,7,0,0
BRDA:20,7,1,0
BRF:16
BRH:0
end_of_record
TN:
SF:src/modules/auth/auth.service.ts
FN:10,(anonymous_11)
FN:15,(anonymous_12)
FN:46,(anonymous_13)
FN:83,(anonymous_14)
FNF:4
FNH:0
FNDA:0,(anonymous_11)
FNDA:0,(anonymous_12)
FNDA:0,(anonymous_13)
FNDA:0,(anonymous_14)
DA:1,0
DA:2,0
DA:3,0
DA:6,0
DA:9,0
DA:11,0
DA:12,0
DA:17,0
DA:18,0
DA:19,0
DA:23,0
DA:26,0
DA:32,0
DA:34,0
DA:48,0
DA:49,0
DA:50,0
DA:54,0
DA:59,0
DA:60,0
DA:64,0
DA:65,0
DA:69,0
DA:71,0
DA:84,0
DA:90,0
LF:26
LH:0
BRDA:18,0,0,0
BRDA:49,1,0,0
BRDA:49,2,0,0
BRDA:49,2,1,0
BRDA:59,3,0,0
BRDA:64,4,0,0
BRDA:11,5,0,0
BRDA:11,5,1,0
BRDA:11,6,0,0
BRDA:11,6,1,0
BRDA:11,7,0,0
BRDA:11,7,1,0
BRDA:11,8,0,0
BRDA:11,8,1,0
BRF:14
BRH:0
end_of_record
TN:
SF:src/modules/auth/dto/login.dto.ts
FNF:0
FNH:0
DA:1,0
DA:2,0
DA:4,0
DA:7,0
DA:12,0
LF:5
LH:0
BRF:0
BRH:0
end_of_record
TN:
SF:src/modules/auth/dto/register.dto.ts
FNF:0
FNH:0
DA:1,0
DA:2,0
DA:3,0
DA:5,0
DA:8,0
DA:16,0
DA:22,0
DA:28,0
DA:32,0
LF:9
LH:0
BRDA:32,0,0,0
BRDA:32,0,1,0
BRDA:32,1,0,0
BRDA:32,1,1,0
BRF:4
BRH:0
end_of_record
TN:
SF:src/modules/auth/strategies/jwt.strategy.ts
FN:15,(anonymous_2)
FN:35,(anonymous_3)
FNF:2
FNH:0
FNDA:0,(anonymous_2)
FNDA:0,(anonymous_3)
DA:1,0
DA:2,0
DA:3,0
DA:4,0
DA:5,0
DA:14,0
DA:16,0
DA:17,0
DA:19,0
DA:21,0
DA:22,0
DA:24,0
DA:25,0
DA:28,0
DA:36,0
DA:38,0
DA:39,0
DA:41,0
DA:42,0
DA:43,0
DA:46,0
DA:47,0
DA:48,0
DA:51,0
DA:52,0
DA:54,0
DA:55,0
LF:27
LH:0
BRDA:24,0,0,0
BRDA:41,1,0,0
BRDA:46,2,0,0
BRDA:16,3,0,0
BRDA:16,3,1,0
BRDA:16,4,0,0
BRDA:16,4,1,0
BRDA:16,5,0,0
BRDA:16,5,1,0
BRDA:16,6,0,0
BRDA:16,6,1,0
BRF:11
BRH:0
end_of_record
TN:
SF:src/modules/booking/booking.controller.ts
FN:23,(anonymous_4)
FN:28,(anonymous_5)
FN:35,(anonymous_6)
FN:42,(anonymous_7)
FN:51,(anonymous_8)
FN:57,(anonymous_9)
FN:63,(anonymous_10)
FN:69,(anonymous_11)
FN:75,(anonymous_12)
FN:81,(anonymous_13)
FN:87,(anonymous_14)
FN:94,(anonymous_15)
FNF:12
FNH:0
FNDA:0,(anonymous_4)
FNDA:0,(anonymous_5)
FNDA:0,(anonymous_6)
FNDA:0,(anonymous_7)
FNDA:0,(anonymous_8)
FNDA:0,(anonymous_9)
FNDA:0,(anonymous_10)
FNDA:0,(anonymous_11)
FNDA:0,(anonymous_12)
FNDA:0,(anonymous_13)
FNDA:0,(anonymous_14)
FNDA:0,(anonymous_15)
DA:1,0
DA:13,0
DA:14,0
DA:15,0
DA:16,0
DA:17,0
DA:18,0
DA:22,0
DA:23,0
DA:28,0
DA:29,0
DA:35,0
DA:36,0
DA:42,0
DA:43,0
DA:44,0
DA:46,0
DA:51,0
DA:52,0
DA:57,0
DA:58,0
DA:63,0
DA:64,0
DA:69,0
DA:70,0
DA:75,0
DA:76,0
DA:81,0
DA:82,0
DA:87,0
DA:88,0
DA:94,0
DA:97,0
LF:33
LH:0
BRDA:43,0,0,0
BRDA:28,1,0,0
BRDA:28,1,1,0
BRDA:28,2,0,0
BRDA:28,2,1,0
BRDA:35,3,0,0
BRDA:35,3,1,0
BRDA:35,4,0,0
BRDA:35,4,1,0
BRDA:42,5,0,0
BRDA:42,5,1,0
BRDA:42,6,0,0
BRDA:42,6,1,0
BRDA:63,7,0,0
BRDA:63,7,1,0
BRDA:63,8,0,0
BRDA:63,8,1,0
BRDA:23,9,0,0
BRDA:23,9,1,0
BRDA:23,10,0,0
BRDA:23,10,1,0
BRF:21
BRH:0
end_of_record
TN:
SF:src/modules/booking/booking.service.ts
FN:17,(anonymous_4)
FN:27,(anonymous_5)
FN:92,(anonymous_6)
FN:99,(anonymous_7)
FN:107,(anonymous_8)
FN:118,(anonymous_9)
FN:131,(anonymous_10)
FN:144,(anonymous_11)
FN:183,(anonymous_12)
FN:216,(anonymous_13)
FN:238,(anonymous_14)
FN:264,(anonymous_15)
FN:285,(anonymous_16)
FN:299,(anonymous_17)
FN:307,(anonymous_18)
FN:307,(anonymous_19)
FN:334,(anonymous_20)
FN:356,(anonymous_21)
FNF:18
FNH:4
FNDA:6,(anonymous_4)
FNDA:3,(anonymous_5)
FNDA:0,(anonymous_6)
FNDA:0,(anonymous_7)
FNDA:0,(anonymous_8)
FNDA:2,(anonymous_9)
FNDA:0,(anonymous_10)
FNDA:0,(anonymous_11)
FNDA:0,(anonymous_12)
FNDA:0,(anonymous_13)
FNDA:0,(anonymous_14)
FNDA:0,(anonymous_15)
FNDA:0,(anonymous_16)
FNDA:0,(anonymous_17)
FNDA:0,(anonymous_18)
FNDA:0,(anonymous_19)
FNDA:0,(anonymous_20)
FNDA:1,(anonymous_21)
DA:1,1
DA:2,1
DA:3,1
DA:4,1
DA:5,1
DA:6,1
DA:7,1
DA:11,1
DA:12,1
DA:13,1
DA:16,1
DA:19,6
DA:21,6
DA:23,6
DA:24,6
DA:29,3
DA:30,3
DA:32,3
DA:33,1
DA:36,2
DA:37,2
DA:39,2
DA:40,0
DA:44,2
DA:49,2
DA:52,2
DA:56,2
DA:57,0
DA:61,2
DA:62,1
DA:68,1
DA:69,1
DA:70,1
DA:71,1
DA:74,1
DA:77,1
DA:89,1
DA:93,0
DA:100,0
DA:108,0
DA:119,2
DA:124,2
DA:125,1
DA:128,1
DA:132,0
DA:137,0
DA:138,0
DA:141,0
DA:145,0
DA:148,0
DA:149,0
DA:150,0
DA:152,0
DA:156,0
DA:157,0
DA:158,0
DA:160,0
DA:169,0
DA:170,0
DA:172,0
DA:173,0
DA:174,0
DA:175,0
DA:179,0
DA:180,0
DA:184,0
DA:187,0
DA:192,0
DA:193,0
DA:196,0
DA:197,0
DA:201,0
DA:208,0
DA:209,0
DA:212,0
DA:213,0
DA:217,0
DA:219,0
DA:220,0
DA:223,0
DA:224,0
DA:228,0
DA:232,0
DA:233,0
DA:235,0
DA:239,0
DA:241,0
DA:242,0
DA:246,0
DA:247,0
DA:253,0
DA:258,0
DA:259,0
DA:261,0
DA:265,0
DA:267,0
DA:268,0
DA:272,0
DA:273,0
DA:278,0
DA:279,0
DA:280,0
DA:282,0
DA:286,0
DA:287,0
DA:290,0
DA:299,0
DA:300,0
DA:301,0
DA:303,0
DA:307,0
DA:310,0
DA:316,0
DA:317,0
DA:320,0
DA:321,0
DA:324,0
DA:326,0
DA:340,0
DA:348,0
DA:349,0
DA:352,0
DA:353,0
DA:357,1
DA:358,1
DA:359,1
DA:360,1
DA:363,1
DA:364,1
DA:366,1
DA:372,1
DA:373,1
LF:132
LH:48
BRDA:32,0,0,1
BRDA:39,1,0,0
BRDA:56,2,0,0
BRDA:61,3,0,1
BRDA:124,4,0,1
BRDA:137,5,0,0
BRDA:148,6,0,0
BRDA:148,7,0,0
BRDA:148,7,1,0
BRDA:149,8,0,0
BRDA:149,8,1,0
BRDA:150,9,0,0
BRDA:150,9,1,0
BRDA:169,10,0,0
BRDA:172,11,0,0
BRDA:172,11,1,0
BRDA:174,12,0,0
BRDA:192,13,0,0
BRDA:196,14,0,0
BRDA:208,15,0,0
BRDA:219,16,0,0
BRDA:223,17,0,0
BRDA:241,18,0,0
BRDA:246,19,0,0
BRDA:267,20,0,0
BRDA:272,21,0,0
BRDA:280,22,0,0
BRDA:280,22,1,0
BRDA:303,23,0,0
BRDA:303,23,1,0
BRDA:316,24,0,0
BRDA:320,25,0,0
BRDA:348,26,0,0
BRDA:19,27,0,1
BRDA:19,27,1,0
BRDA:19,28,0,1
BRDA:19,28,1,1
BRDA:19,29,0,1
BRDA:19,29,1,0
BRDA:19,30,0,1
BRDA:19,30,1,1
BRDA:21,31,0,1
BRDA:21,31,1,0
BRDA:21,32,0,1
BRDA:21,32,1,1
BRDA:23,33,0,1
BRDA:23,33,1,0
BRDA:23,34,0,1
BRDA:23,34,1,1
BRF:49
BRH:15
end_of_record
TN:
SF:src/modules/booking/dto/check-availability.dto.ts
FNF:0
FNH:0
DA:1,0
DA:2,0
DA:4,0
DA:7,0
DA:11,0
DA:16,0
LF:6
LH:0
BRF:0
BRH:0
end_of_record
TN:
SF:src/modules/booking/dto/create-booking.dto.ts
FNF:0
FNH:0
DA:1,0
DA:2,0
DA:4,0
DA:7,0
DA:11,0
DA:15,0
DA:19,0
DA:25,0
DA:30,0
DA:35,0
LF:10
LH:0
BRF:0
BRH:0
end_of_record
TN:
SF:src/modules/booking/dto/update-booking.dto.ts
FNF:0
FNH:0
DA:1,0
DA:2,0
DA:3,0
DA:4,0
DA:5,0
DA:6,0
DA:8,0
DA:12,0
DA:17,0
DA:22,0
DA:28,0
LF:11
LH:0
BRDA:12,0,0,0
BRDA:12,0,1,0
BRDA:12,1,0,0
BRDA:12,1,1,0
BRDA:22,2,0,0
BRDA:22,2,1,0
BRDA:22,3,0,0
BRDA:22,3,1,0
BRF:8
BRH:0
end_of_record
TN:
SF:src/modules/booking/entities/booking.entity.ts
FN:25,(anonymous_2)
FN:32,(anonymous_3)
FN:39,(anonymous_4)
FNF:3
FNH:0
FNDA:0,(anonymous_2)
FNDA:0,(anonymous_3)
FNDA:0,(anonymous_4)
DA:1,1
DA:2,1
DA:3,1
DA:4,1
DA:5,1
DA:6,1
DA:7,1
DA:8,1
DA:18,1
DA:20,1
DA:23,1
DA:25,0
DA:27,1
DA:30,1
DA:32,0
DA:34,1
DA:37,1
DA:39,0
DA:41,1
DA:44,1
DA:47,1
DA:50,1
DA:53,1
DA:60,1
DA:63,1
DA:66,1
DA:69,1
DA:72,1
DA:75,1
DA:78,1
DA:86,1
DA:94,1
DA:97,1
DA:100,1
DA:103,1
DA:106,1
DA:109,1
DA:112,1
LF:38
LH:35
BRDA:27,0,0,1
BRDA:27,0,1,0
BRDA:27,1,0,1
BRDA:27,1,1,1
BRDA:34,2,0,1
BRDA:34,2,1,0
BRDA:34,3,0,1
BRDA:34,3,1,1
BRDA:41,4,0,1
BRDA:41,4,1,0
BRDA:41,5,0,1
BRDA:41,5,1,1
BRDA:44,6,0,1
BRDA:44,6,1,0
BRDA:44,7,0,1
BRDA:44,7,1,1
BRDA:47,8,0,1
BRDA:47,8,1,0
BRDA:47,9,0,1
BRDA:47,9,1,1
BRDA:60,10,0,0
BRDA:60,10,1,1
BRDA:60,11,0,1
BRDA:60,11,1,1
BRDA:86,12,0,0
BRDA:86,12,1,1
BRDA:86,13,0,1
BRDA:86,13,1,1
BRF:28
BRH:21
end_of_record
TN:
SF:src/modules/guest/guest.controller.ts
FN:21,(anonymous_4)
FN:26,(anonymous_5)
FN:32,(anonymous_6)
FN:39,(anonymous_7)
FN:45,(anonymous_8)
FN:51,(anonymous_9)
FN:58,(anonymous_10)
FNF:7
FNH:0
FNDA:0,(anonymous_4)
FNDA:0,(anonymous_5)
FNDA:0,(anonymous_6)
FNDA:0,(anonymous_7)
FNDA:0,(anonymous_8)
FNDA:0,(anonymous_9)
FNDA:0,(anonymous_10)
DA:1,0
DA:13,0
DA:14,0
DA:15,0
DA:16,0
DA:20,0
DA:21,0
DA:26,0
DA:27,0
DA:32,0
DA:33,0
DA:39,0
DA:40,0
DA:45,0
DA:46,0
DA:51,0
DA:52,0
DA:58,0
DA:59,0
LF:19
LH:0
BRDA:26,0,0,0
BRDA:26,0,1,0
BRDA:26,1,0,0
BRDA:26,1,1,0
BRDA:51,2,0,0
BRDA:51,2,1,0
BRDA:51,3,0,0
BRDA:51,3,1,0
BRDA:21,4,0,0
BRDA:21,4,1,0
BRDA:21,5,0,0
BRDA:21,5,1,0
BRF:12
BRH:0
end_of_record
TN:
SF:src/modules/guest/guest.service.ts
FN:10,(anonymous_4)
FN:15,(anonymous_5)
FN:20,(anonymous_6)
FN:26,(anonymous_7)
FN:38,(anonymous_8)
FN:42,(anonymous_9)
FN:46,(anonymous_10)
FN:54,(anonymous_11)
FN:60,(anonymous_12)
FN:65,(anonymous_13)
FNF:10
FNH:0
FNDA:0,(anonymous_4)
FNDA:0,(anonymous_5)
FNDA:0,(anonymous_6)
FNDA:0,(anonymous_7)
FNDA:0,(anonymous_8)
FNDA:0,(anonymous_9)
FNDA:0,(anonymous_10)
FNDA:0,(anonymous_11)
FNDA:0,(anonymous_12)
FNDA:0,(anonymous_13)
DA:1,1
DA:2,1
DA:3,1
DA:4,1
DA:9,1
DA:12,0
DA:16,0
DA:17,0
DA:21,0
DA:27,0
DA:39,0
DA:43,0
DA:47,0
DA:48,0
DA:49,0
DA:51,0
DA:55,0
DA:56,0
DA:57,0
DA:61,0
DA:62,0
DA:66,0
DA:67,0
LF:23
LH:5
BRDA:48,0,0,0
BRDA:12,1,0,1
BRDA:12,1,1,0
BRDA:12,2,0,1
BRDA:12,2,1,1
BRF:5
BRH:3
end_of_record
TN:
SF:src/modules/guest/dto/create-guest.dto.ts
FNF:0
FNH:0
DA:1,0
DA:2,0
DA:4,0
DA:8,0
DA:13,0
DA:17,0
DA:22,0
DA:27,0
DA:32,0
DA:37,0
DA:42,0
DA:47,0
DA:52,0
DA:57,0
DA:62,0
DA:67,0
LF:16
LH:0
BRF:0
BRH:0
end_of_record
TN:
SF:src/modules/guest/dto/update-guest.dto.ts
FNF:0
FNH:0
DA:1,0
DA:2,0
DA:4,0
LF:3
LH:0
BRF:0
BRH:0
end_of_record
TN:
SF:src/modules/guest/entities/guest.entity.ts
FN:63,(anonymous_2)
FNF:1
FNH:0
FNDA:0,(anonymous_2)
DA:1,1
DA:2,1
DA:11,1
DA:13,1
DA:16,1
DA:19,1
DA:22,1
DA:25,1
DA:28,1
DA:31,1
DA:34,1
DA:37,1
DA:40,1
DA:43,1
DA:46,1
DA:49,1
DA:52,1
DA:55,1
DA:58,1
DA:61,1
DA:64,0
LF:21
LH:20
BRDA:46,0,0,1
BRDA:46,0,1,0
BRDA:46,1,0,1
BRDA:46,1,1,1
BRDA:52,2,0,0
BRDA:52,2,1,1
BRDA:52,3,0,1
BRDA:52,3,1,0
BRF:8
BRH:5
end_of_record
TN:
SF:src/modules/property/property.controller.ts
FN:20,(anonymous_4)
FN:25,(anonymous_5)
FN:31,(anonymous_6)
FN:37,(anonymous_7)
FN:43,(anonymous_8)
FN:49,(anonymous_9)
FN:56,(anonymous_10)
FNF:7
FNH:0
FNDA:0,(anonymous_4)
FNDA:0,(anonymous_5)
FNDA:0,(anonymous_6)
FNDA:0,(anonymous_7)
FNDA:0,(anonymous_8)
FNDA:0,(anonymous_9)
FNDA:0,(anonymous_10)
DA:1,0
DA:12,0
DA:13,0
DA:14,0
DA:15,0
DA:19,0
DA:20,0
DA:25,0
DA:26,0
DA:31,0
DA:32,0
DA:37,0
DA:38,0
DA:43,0
DA:44,0
DA:49,0
DA:50,0
DA:56,0
DA:57,0
LF:19
LH:0
BRDA:25,0,0,0
BRDA:25,0,1,0
BRDA:25,1,0,0
BRDA:25,1,1,0
BRDA:49,2,0,0
BRDA:49,2,1,0
BRDA:49,3,0,0
BRDA:49,3,1,0
BRDA:20,4,0,0
BRDA:20,4,1,0
BRDA:20,5,0,0
BRDA:20,5,1,0
BRF:12
BRH:0
end_of_record
TN:
SF:src/modules/property/property.service.ts
FN:10,(anonymous_4)
FN:15,(anonymous_5)
FN:20,(anonymous_6)
FN:24,(anonymous_7)
FN:32,(anonymous_8)
FN:38,(anonymous_9)
FN:43,(anonymous_10)
FNF:7
FNH:0
FNDA:0,(anonymous_4)
FNDA:0,(anonymous_5)
FNDA:0,(anonymous_6)
FNDA:0,(anonymous_7)
FNDA:0,(anonymous_8)
FNDA:0,(anonymous_9)
FNDA:0,(anonymous_10)
DA:1,0
DA:2,0
DA:3,0
DA:4,0
DA:9,0
DA:12,0
DA:16,0
DA:17,0
DA:21,0
DA:25,0
DA:26,0
DA:27,0
DA:29,0
DA:33,0
DA:34,0
DA:35,0
DA:39,0
DA:40,0
DA:44,0
DA:47,0
DA:48,0
DA:50,0
LF:22
LH:0
BRDA:26,0,0,0
BRDA:47,1,0,0
BRDA:12,2,0,0
BRDA:12,2,1,0
BRDA:12,3,0,0
BRDA:12,3,1,0
BRF:6
BRH:0
end_of_record
TN:
SF:src/modules/property/dto/create-property.dto.ts
FNF:0
FNH:0
DA:1,0
DA:2,0
DA:4,0
DA:8,0
DA:14,0
DA:19,0
DA:24,0
DA:29,0
DA:34,0
DA:39,0
DA:44,0
DA:49,0
DA:54,0
LF:13
LH:0
BRF:0
BRH:0
end_of_record
TN:
SF:src/modules/property/dto/update-property.dto.ts
FNF:0
FNH:0
DA:1,0
DA:2,0
DA:4,0
LF:3
LH:0
BRF:0
BRH:0
end_of_record
TN:
SF:src/modules/property/entities/property.entity.ts
FNF:0
FNH:0
DA:1,0
DA:10,0
DA:12,0
DA:15,0
DA:18,0
DA:21,0
DA:24,0
DA:27,0
DA:30,0
DA:33,0
DA:36,0
DA:39,0
DA:42,0
DA:45,0
DA:48,0
DA:51,0
DA:54,0
DA:57,0
LF:18
LH:0
BRDA:48,0,0,0
BRDA:48,0,1,0
BRDA:48,1,0,0
BRDA:48,1,1,0
BRDA:54,2,0,0
BRDA:54,2,1,0
BRDA:54,3,0,0
BRDA:54,3,1,0
BRDA:57,4,0,0
BRDA:57,4,1,0
BRDA:57,5,0,0
BRDA:57,5,1,0
BRF:12
BRH:0
end_of_record
TN:
SF:src/modules/room/room.controller.ts
FN:22,(anonymous_4)
FN:27,(anonymous_5)
FN:35,(anonymous_6)
FN:47,(anonymous_7)
FN:53,(anonymous_8)
FN:59,(anonymous_9)
FN:65,(anonymous_10)
FN:72,(anonymous_11)
FNF:8
FNH:0
FNDA:0,(anonymous_4)
FNDA:0,(anonymous_5)
FNDA:0,(anonymous_6)
FNDA:0,(anonymous_7)
FNDA:0,(anonymous_8)
FNDA:0,(anonymous_9)
FNDA:0,(anonymous_10)
FNDA:0,(anonymous_11)
DA:1,0
DA:13,0
DA:14,0
DA:15,0
DA:16,0
DA:17,0
DA:21,0
DA:22,0
DA:27,0
DA:28,0
DA:35,0
DA:36,0
DA:37,0
DA:39,0
DA:40,0
DA:42,0
DA:47,0
DA:48,0
DA:53,0
DA:54,0
DA:59,0
DA:60,0
DA:65,0
DA:66,0
DA:72,0
DA:73,0
LF:26
LH:0
BRDA:36,0,0,0
BRDA:39,1,0,0
BRDA:27,2,0,0
BRDA:27,2,1,0
BRDA:27,3,0,0
BRDA:27,3,1,0
BRDA:35,4,0,0
BRDA:35,4,1,0
BRDA:35,5,0,0
BRDA:35,5,1,0
BRDA:59,6,0,0
BRDA:59,6,1,0
BRDA:59,7,0,0
BRDA:59,7,1,0
BRDA:65,8,0,0
BRDA:65,8,1,0
BRDA:65,9,0,0
BRDA:65,9,1,0
BRDA:22,10,0,0
BRDA:22,10,1,0
BRDA:22,11,0,0
BRDA:22,11,1,0
BRF:22
BRH:0
end_of_record
TN:
SF:src/modules/room/room.service.ts
FN:11,(anonymous_4)
FN:16,(anonymous_5)
FN:30,(anonymous_6)
FN:37,(anonymous_7)
FN:45,(anonymous_8)
FN:53,(anonymous_9)
FN:66,(anonymous_10)
FN:82,(anonymous_11)
FN:95,(anonymous_12)
FN:100,(anonymous_13)
FNF:10
FNH:0
FNDA:0,(anonymous_4)
FNDA:0,(anonymous_5)
FNDA:0,(anonymous_6)
FNDA:0,(anonymous_7)
FNDA:0,(anonymous_8)
FNDA:0,(anonymous_9)
FNDA:0,(anonymous_10)
FNDA:0,(anonymous_11)
FNDA:0,(anonymous_12)
FNDA:0,(anonymous_13)
DA:1,0
DA:2,0
DA:3,0
DA:4,0
DA:7,0
DA:10,0
DA:13,0
DA:17,0
DA:22,0
DA:23,0
DA:26,0
DA:27,0
DA:31,0
DA:38,0
DA:46,0
DA:54,0
DA:59,0
DA:60,0
DA:63,0
DA:67,0
DA:69,0
DA:70,0
DA:73,0
DA:74,0
DA:78,0
DA:79,0
DA:83,0
DA:84,0
DA:86,0
DA:87,0
DA:88,0
DA:89,0
DA:92,0
DA:96,0
DA:97,0
DA:101,0
LF:36
LH:0
BRDA:22,0,0,0
BRDA:22,1,0,0
BRDA:22,1,1,0
BRDA:59,2,0,0
BRDA:69,3,0,0
BRDA:69,4,0,0
BRDA:69,4,1,0
BRDA:73,5,0,0
BRDA:86,6,0,0
BRDA:86,6,1,0
BRDA:88,7,0,0
BRDA:13,8,0,0
BRDA:13,8,1,0
BRDA:13,9,0,0
BRDA:13,9,1,0
BRF:15
BRH:0
end_of_record
TN:
SF:src/modules/room-type/room-type.controller.ts
FN:20,(anonymous_4)
FN:25,(anonymous_5)
FN:31,(anonymous_6)
FN:37,(anonymous_7)
FN:43,(anonymous_8)
FN:49,(anonymous_9)
FN:56,(anonymous_10)
FNF:7
FNH:0
FNDA:0,(anonymous_4)
FNDA:0,(anonymous_5)
FNDA:0,(anonymous_6)
FNDA:0,(anonymous_7)
FNDA:0,(anonymous_8)
FNDA:0,(anonymous_9)
FNDA:0,(anonymous_10)
DA:1,0
DA:12,0
DA:13,0
DA:14,0
DA:15,0
DA:19,0
DA:20,0
DA:25,0
DA:26,0
DA:31,0
DA:32,0
DA:37,0
DA:38,0
DA:43,0
DA:44,0
DA:49,0
DA:50,0
DA:56,0
DA:57,0
LF:19
LH:0
BRDA:25,0,0,0
BRDA:25,0,1,0
BRDA:25,1,0,0
BRDA:25,1,1,0
BRDA:49,2,0,0
BRDA:49,2,1,0
BRDA:49,3,0,0
BRDA:49,3,1,0
BRDA:20,4,0,0
BRDA:20,4,1,0
BRDA:20,5,0,0
BRDA:20,5,1,0
BRF:12
BRH:0
end_of_record
TN:
SF:src/modules/room-type/room-type.service.ts
FN:11,(anonymous_4)
FN:18,(anonymous_5)
FN:32,(anonymous_6)
FN:39,(anonymous_7)
FN:47,(anonymous_8)
FN:60,(anonymous_9)
FN:75,(anonymous_10)
FNF:7
FNH:0
FNDA:0,(anonymous_4)
FNDA:0,(anonymous_5)
FNDA:0,(anonymous_6)
FNDA:0,(anonymous_7)
FNDA:0,(anonymous_8)
FNDA:0,(anonymous_9)
FNDA:0,(anonymous_10)
DA:1,0
DA:2,0
DA:3,0
DA:4,0
DA:5,0
DA:10,0
DA:13,0
DA:15,0
DA:19,0
DA:21,0
DA:23,0
DA:24,0
DA:29,0
DA:33,0
DA:40,0
DA:48,0
DA:53,0
DA:54,0
DA:57,0
DA:61,0
DA:63,0
DA:64,0
DA:66,0
DA:67,0
DA:72,0
DA:76,0
DA:77,0
LF:27
LH:0
BRDA:23,0,0,0
BRDA:23,1,0,0
BRDA:23,1,1,0
BRDA:53,2,0,0
BRDA:66,3,0,0
BRDA:13,4,0,0
BRDA:13,4,1,0
BRDA:13,5,0,0
BRDA:13,5,1,0
BRDA:13,6,0,0
BRDA:13,6,1,0
BRDA:13,7,0,0
BRDA:13,7,1,0
BRF:13
BRH:0
end_of_record
TN:
SF:src/modules/room-type/dto/create-room-type.dto.ts
FNF:0
FNH:0
DA:1,0
DA:2,0
DA:3,0
DA:4,0
DA:6,0
DA:10,0
DA:16,0
DA:20,0
DA:25,0
DA:31,0
DA:37,0
DA:41,0
DA:46,0
DA:51,0
DA:56,0
DA:61,0
LF:16
LH:0
BRDA:41,0,0,0
BRDA:41,0,1,0
BRDA:41,1,0,0
BRDA:41,1,1,0
BRDA:46,2,0,0
BRDA:46,2,1,0
BRDA:46,3,0,0
BRDA:46,3,1,0
BRF:8
BRH:0
end_of_record
TN:
SF:src/modules/room-type/dto/update-room-type.dto.ts
FNF:0
FNH:0
DA:1,0
DA:2,0
DA:3,0
DA:4,0
DA:6,0
DA:10,0
LF:6
LH:0
BRF:0
BRH:0
end_of_record
TN:
SF:src/modules/room-type/entities/room-type.entity.ts
FN:54,(anonymous_2)
FNF:1
FNH:0
FNDA:0,(anonymous_2)
DA:1,1
DA:2,1
DA:3,1
DA:4,1
DA:5,1
DA:8,1
DA:10,1
DA:13,1
DA:16,1
DA:19,1
DA:22,1
DA:25,1
DA:32,1
DA:40,1
DA:43,1
DA:46,1
DA:49,1
DA:52,1
DA:54,0
DA:60,1
LF:20
LH:19
BRDA:32,0,0,0
BRDA:32,0,1,1
BRDA:32,1,0,1
BRDA:32,1,1,1
BRDA:40,2,0,0
BRDA:40,2,1,1
BRDA:40,3,0,1
BRDA:40,3,1,1
BRF:8
BRH:6
end_of_record
TN:
SF:src/modules/room/dto/create-room.dto.ts
FNF:0
FNH:0
DA:1,0
DA:2,0
DA:4,0
DA:8,0
DA:13,0
DA:17,0
DA:23,0
DA:28,0
LF:8
LH:0
BRF:0
BRH:0
end_of_record
TN:
SF:src/modules/room/dto/update-room.dto.ts
FNF:0
FNH:0
DA:1,0
DA:2,0
DA:3,0
DA:4,0
DA:5,0
DA:7,0
DA:11,0
DA:16,0
LF:8
LH:0
BRDA:11,0,0,0
BRDA:11,0,1,0
BRDA:11,1,0,0
BRDA:11,1,1,0
BRF:4
BRH:0
end_of_record
TN:
SF:src/modules/room/entities/room.entity.ts
FN:25,(anonymous_2)
FNF:1
FNH:0
FNDA:0,(anonymous_2)
DA:1,1
DA:2,1
DA:3,1
DA:4,1
DA:8,1
DA:10,1
DA:13,1
DA:20,1
DA:23,1
DA:25,0
DA:27,1
DA:30,1
DA:33,1
DA:36,1
DA:39,1
DA:42,1
LF:16
LH:15
BRDA:20,0,0,0
BRDA:20,0,1,1
BRDA:20,1,0,1
BRDA:20,1,1,1
BRDA:27,2,0,1
BRDA:27,2,1,0
BRDA:27,3,0,1
BRDA:27,3,1,1
BRDA:36,4,0,1
BRDA:36,4,1,0
BRDA:36,5,0,1
BRDA:36,5,1,1
BRDA:39,6,0,1
BRDA:39,6,1,0
BRDA:39,7,0,1
BRDA:39,7,1,1
BRF:16
BRH:12
end_of_record
TN:
SF:src/modules/user/user.controller.ts
FN:22,(anonymous_4)
FN:27,(anonymous_5)
FN:34,(anonymous_6)
FN:43,(anonymous_7)
FN:49,(anonymous_8)
FN:56,(anonymous_9)
FNF:6
FNH:0
FNDA:0,(anonymous_4)
FNDA:0,(anonymous_5)
FNDA:0,(anonymous_6)
FNDA:0,(anonymous_7)
FNDA:0,(anonymous_8)
FNDA:0,(anonymous_9)
DA:1,0
DA:13,0
DA:14,0
DA:15,0
DA:16,0
DA:17,0
DA:21,0
DA:22,0
DA:27,0
DA:28,0
DA:34,0
DA:35,0
DA:36,0
DA:38,0
DA:43,0
DA:44,0
DA:49,0
DA:50,0
DA:56,0
DA:57,0
LF:20
LH:0
BRDA:35,0,0,0
BRDA:27,1,0,0
BRDA:27,1,1,0
BRDA:27,2,0,0
BRDA:27,2,1,0
BRDA:34,3,0,0
BRDA:34,3,1,0
BRDA:34,4,0,0
BRDA:34,4,1,0
BRDA:49,5,0,0
BRDA:49,5,1,0
BRDA:49,6,0,0
BRDA:49,6,1,0
BRDA:22,7,0,0
BRDA:22,7,1,0
BRDA:22,8,0,0
BRDA:22,8,1,0
BRF:17
BRH:0
end_of_record
TN:
SF:src/modules/user/user.service.ts
FN:12,(anonymous_4)
FN:17,(anonymous_5)
FN:31,(anonymous_6)
FN:37,(anonymous_7)
FN:44,(anonymous_8)
FN:52,(anonymous_9)
FN:76,(anonymous_10)
FN:90,(anonymous_11)
FN:95,(anonymous_12)
FNF:9
FNH:0
FNDA:0,(anonymous_4)
FNDA:0,(anonymous_5)
FNDA:0,(anonymous_6)
FNDA:0,(anonymous_7)
FNDA:0,(anonymous_8)
FNDA:0,(anonymous_9)
FNDA:0,(anonymous_10)
FNDA:0,(anonymous_11)
FNDA:0,(anonymous_12)
DA:1,0
DA:2,0
DA:3,0
DA:4,0
DA:8,0
DA:11,0
DA:14,0
DA:18,0
DA:23,0
DA:24,0
DA:27,0
DA:28,0
DA:32,0
DA:38,0
DA:45,0
DA:46,0
DA:47,0
DA:49,0
DA:53,0
DA:77,0
DA:79,0
DA:80,0
DA:81,0
DA:82,0
DA:86,0
DA:87,0
DA:91,0
DA:92,0
DA:96,0
LF:29
LH:0
BRDA:23,0,0,0
BRDA:23,1,0,0
BRDA:23,1,1,0
BRDA:46,2,0,0
BRDA:79,3,0,0
BRDA:79,4,0,0
BRDA:79,4,1,0
BRDA:81,5,0,0
BRDA:14,6,0,0
BRDA:14,6,1,0
BRDA:14,7,0,0
BRDA:14,7,1,0
BRF:12
BRH:0
end_of_record
TN:
SF:src/modules/user/dto/create-user.dto.ts
FNF:0
FNH:0
DA:1,0
DA:2,0
DA:3,0
DA:5,0
DA:8,0
DA:14,0
DA:20,0
DA:26,0
DA:30,0
LF:9
LH:0
BRDA:30,0,0,0
BRDA:30,0,1,0
BRDA:30,1,0,0
BRDA:30,1,1,0
BRF:4
BRH:0
end_of_record
TN:
SF:src/modules/user/dto/update-user.dto.ts
FNF:0
FNH:0
DA:1,0
DA:2,0
DA:3,0
DA:4,0
DA:5,0
DA:7,0
DA:11,0
LF:7
LH:0
BRDA:11,0,0,0
BRDA:11,0,1,0
BRDA:11,1,0,0
BRDA:11,1,1,0
BRF:4
BRH:0
end_of_record
TN:
SF:src/modules/user/entities/user.entity.ts
FN:100,(anonymous_2)
FNF:1
FNH:0
FNDA:0,(anonymous_2)
DA:1,0
DA:2,0
DA:3,0
DA:4,0
DA:5,0
DA:9,0
DA:16,0
DA:23,0
DA:32,0
DA:39,0
DA:46,0
DA:54,0
DA:61,0
DA:68,0
DA:76,0
DA:83,0
DA:90,0
DA:98,0
DA:101,0
LF:19
LH:0
BRDA:61,0,0,0
BRDA:61,0,1,0
BRDA:61,1,0,0
BRDA:61,1,1,0
BRDA:68,2,0,0
BRDA:68,2,1,0
BRDA:68,3,0,0
BRDA:68,3,1,0
BRF:8
BRH:0
end_of_record
